MPASM  5.50                         SLAVE.ASM   2-2-2024  16:00:59         PAGE  1


LOC  OBJECT CODE     LINE SOURCE TEXT
  VALUE

                      00001 
                      00002         PROCESSOR 16F877A
                      00003         INCLUDE "P16F877A.INC"  
                      00001         LIST
                      00002 ; P16F877A.INC  Standard Header File, Version 1.00    Microchip Technology, Inc.
                      00398         LIST
                      00004 
2007   3731           00005         __CONFIG 0x3731
                      00006 
                      00007 
  00000025            00008 Char EQU 0x25
  00000026            00009 CharZ EQU 0x26
                      00010 ;NUM EQU 0x25
                      00011 
                      00012 ; The instructions should start from here
0000                  00013         ORG 0x00
0000   2805           00014         GOTO init
                      00015 
                      00016 
0004                  00017         ORG 0x04
0004   2821           00018         GOTO ISR
                      00019 
                      00020 
                      00021 ; The init for our program
0005                  00022 init:
                      00023 
0005   1683 1303      00024         BANKSEL TRISD
Message[302]: Register in operand not in bank 0.  Ensure that bank bits are correct.
0007   0188           00025         CLRF TRISD
                      00026         
0008   1283 1303      00027         BANKSEL PORTD
000A   204A           00028         CALL inid
000B   2030           00029         CALL xms
000C   2030           00030         CALL xms
                      00031 
000D   1303           00032         BCF STATUS,6
000E   1683           00033         BSF STATUS,5
                      00034 
Message[302]: Register in operand not in bank 0.  Ensure that bank bits are correct.
000F   1307           00035         BCF TRISC,6
Message[302]: Register in operand not in bank 0.  Ensure that bank bits are correct.
0010   1787           00036         BSF TRISC,7
                      00037 
                      00038 
0011   3020           00039         MOVLW b'00100000'
Message[302]: Register in operand not in bank 0.  Ensure that bank bits are correct.
0012   0098           00040         MOVWF TXSTA
                      00041         
0013   1303           00042         BCF STATUS,6
0014   1283           00043         BCF STATUS,5
                      00044         
0015   3090           00045         MOVLW b'10010000'
0016   0098           00046         MOVWF RCSTA
MPASM  5.50                         SLAVE.ASM   2-2-2024  16:00:59         PAGE  2


LOC  OBJECT CODE     LINE SOURCE TEXT
  VALUE

                      00047         
0017   1303           00048         BCF STATUS,6
0018   1683           00049         BSF STATUS,5
0019   301F           00050         MOVLW d'31'
Message[302]: Register in operand not in bank 0.  Ensure that bank bits are correct.
001A   0099           00051         MOVWF SPBRG
                      00052         
001B   178B           00053         BSF INTCON,7
001C   170B           00054         BSF INTCON,6 
                      00055 
                      00056 
001D   1303           00057         BCF STATUS,6
001E   1283           00058         BCF STATUS,5
                      00059 
001F   128C           00060         BCF PIR1,5
                      00061         
0020   2865           00062         GOTO start
                      00063 
                      00064 ; When intruput happend the program will enter here
0021                  00065 ISR:
0021   1283 1303      00066         BANKSEL INTCON
0023   120B           00067         BCF INTCON, INTE
0024   108B           00068         BCF INTCON, INTF
                      00069         ;DECF Char
                      00070 ;       INCF Char
                      00071 ;       CALL sayHi
                      00072         ; TASK
                      00073 
                      00074         ; END TASK
                      00075         
                      00076 ;       BANKSEL INTCON
                      00077 ;       BSF INTCON, INTE
                      00078 ;       BANKSEL PORTD
0025                  00079 BACK:
0025   1283 1303      00080         BANKSEL INTCON
0027   160B           00081         BSF INTCON, INTE
0028   178B           00082         BSF INTCON, GIE
                      00083 ;       BANKSEL PORTD
                      00084 ;       GOTO loop       
                      00085 
                      00086 
0029   0009           00087         retfie
                      00088 
                      00089 
                      00090 ;INCLUDE "LCDIS_PORTD.INC" ; IF U WANT TO USE LCD ON PORT D
                      00091 ;INCLUDE "LCDIS_PORTA.INC" ; IF U WANT TO USE LCD ON PORT A
                      00092         INCLUDE "LCDIS.INC" 
                      00001 ;       LCDIS.INC               MPB     19-12-05
                      00002 ;
                      00003 ;       Include file to operate 16x2 LCD display
                      00004 ;       Uses GPR 70 - 75
                      00005 ;       
                      00006 ;       Final version
MPASM  5.50                         SLAVE.ASM   2-2-2024  16:00:59         PAGE  3


LOC  OBJECT CODE     LINE SOURCE TEXT
  VALUE

                      00007 ;-------------------------------------------------------------------------------------------
                      00008 
  00000070            00009 Timer1  EQU     70              ; 1ms count register
  00000071            00010 TimerX  EQU     71              ; Xms count register
  00000072            00011 Var     EQU     72              ; Output variable
  00000073            00012 Point   EQU     73              ; Program table pointer
  00000074            00013 Select  EQU     74              ; Used to set or clear RS bit
  00000075            00014 OutCod  EQU     75              ; Temp store for output code
                      00015 
  00000001            00016 RS      EQU     1               ; Register select output bit
  00000002            00017 E       EQU     2               ; Enable output clocks display input
                      00018 
                      00019 
                      00020 ;--------------------------------------------------------------------------------------------   
                      00021 ;       1ms delay with 1us cycle time (1000 cycles) assuming 4MHZ oscillator
                      00022 ;--------------------------------------------------------------------------------------------   
002A                  00023 onems   ;nop
002A   30F9           00024                 MOVLW   D'249'          ; Count for 1ms delay ==> 1 + 1 + 1 + 248 * (1 + 1 + 2) + 1 + 2 
                            + 2 = 
002B   00F0           00025                 MOVWF   Timer1          ; Load count
002C   0000           00026 loop1   NOP                     ; Pad for 4 cycle loop
Message[305]: Using default destination of 1 (file).
002D   0BF0           00027                 DECFSZ  Timer1          ; Count
002E   282C           00028                 GOTO    loop1           ; until Z
002F   0008           00029                 RETURN                  ; and finish
                      00030 
                      00031 ;---------------------------------------------------------------------------------------------  
                      00032 ;       Delay Xms
                      00033 ;       Receives count in W, uses Onems
                      00034 ;---------------------------------------------------------------------------------------------  
0030   00F1           00035 xms             MOVWF   TimerX          ; Count for X ms
0031   202A           00036 loopX   CALL    onems           ; Delay 1ms
Message[305]: Using default destination of 1 (file).
0032   0BF1           00037                 DECFSZ  TimerX          ; Repeat X times 
0033   2831           00038                 GOTO    loopX           ; until Z
0034   0008           00039                 RETURN                  ; and finish
                      00040 
                      00041 ;---------------------------------------------------------------------------------------------  
                      00042 ;       Generate data/command clock siganl E
                      00043 ;---------------------------------------------------------------------------------------------  
0035   1508           00044 pulseE  BSF     PORTD,E         ; Set E high
0036   202A           00045         CALL    onems           ; Delay 1ms
0037   1108           00046         BCF     PORTD,E         ; Reset E low
0038   202A           00047         CALL    onems           ; Delay 1ms
0039   0008           00048         RETURN                  ; done
                      00049 
                      00050 ;---------------------------------------------------------------------------------------------  
                      00051 ;       Send a command byte in two nibbles from RB4 - RB7
                      00052 ;       Receives command in W, uses PulseE and Onems
                      00053 ;---------------------------------------------------------------------------------------------  
003A   00F5           00054 send    MOVWF   OutCod          ; Store output code
003B   39F0           00055         ANDLW   0F0             ; Clear low nybble
003C   0088           00056         MOVWF   PORTD           ; Output high nybble
MPASM  5.50                         SLAVE.ASM   2-2-2024  16:00:59         PAGE  4


LOC  OBJECT CODE     LINE SOURCE TEXT
  VALUE

003D   18F4           00057         BTFSC   Select,RS       ; Test RS bit
003E   1488           00058         BSF     PORTD,RS        ; and set for data
003F   2035           00059         CALL    pulseE          ; and clock display register
0040   202A           00060         CALL    onems           ; wait 1ms for display to complete
                      00061 
Message[305]: Using default destination of 1 (file).
0041   0EF5           00062         SWAPF   OutCod          ; Swap low and high nybbles 
0042   0875           00063         MOVF    OutCod,W        ; Retrieve output code
0043   39F0           00064         ANDLW   0F0             ; Clear low nybble
0044   0088           00065         MOVWF   PORTD           ; Output low nybble
0045   18F4           00066         BTFSC   Select,RS       ; Test RS bit
0046   1488           00067         BSF     PORTD,RS        ; and set for data
0047   2035           00068         CALL    pulseE          ; and clock display register
0048   202A           00069         CALL    onems           ; wait 1ms for display to complete
0049   0008           00070         RETURN                  ; done
                      00071 
                      00072 ;---------------------------------------------------------------------------------------------  
                      00073 ;       Initialise the display
                      00074 ;       Uses Send
                      00075 ;---------------------------------------------------------------------------------------------  
004A   3064           00076 inid    MOVLW   D'100'          ; Load count for 100ms delay
004B   2030           00077         CALL    xms             ; and wait for display start
004C   30F0           00078         MOVLW   0F0             ; Mask for select code
004D   00F4           00079         MOVWF   Select          ; High nybble not masked
                      00080 
004E   3030           00081         MOVLW   0x30            ; Load initial nibble
004F   0088           00082         MOVWF   PORTD           ; and output it to display
0050   2035           00083         CALL    pulseE          ; Latch initial code
0051   3005           00084         MOVLW   D'5'            ; Set delay 5ms
0052   2030           00085         CALL    xms             ; and wait
0053   2035           00086         CALL    pulseE          ; Latch initial code again
0054   202A           00087         CALL    onems           ; Wait 1ms
0055   2035           00088         CALL    pulseE          ; Latch initial code again
0056   1208           00089         BCF     PORTD,4         ; Set 4-bit mode
0057   2035           00090         CALL    pulseE          ; Latch it
                      00091         
0058   3028           00092         MOVLW   0x28            ; Set 4-bit mode, 2 lines
0059   203A           00093         CALL    send            ; and send code
005A   3008           00094         MOVLW   0x08            ; Switch off display
005B   203A           00095         CALL    send            ; and send code
005C   3001           00096         MOVLW   0x01            ; Code to clear display
005D   203A           00097         CALL    send            ; and send code
005E   3006           00098         MOVLW   0x06            ; Enable cursor auto inc  
005F   203A           00099         CALL    send            ; and send code
0060   3080           00100         MOVLW   0x80            ; Zero display address
0061   203A           00101         CALL    send            ; and send code
0062   300C           00102         MOVLW   0x0C            ; Turn on display  
0063   203A           00103         CALL    send            ; and send code
                      00104 
0064   0008           00105         RETURN                  ; Done
                      00093 ; The main code for our program
0065                  00094 start:
                      00095 
MPASM  5.50                         SLAVE.ASM   2-2-2024  16:00:59         PAGE  5


LOC  OBJECT CODE     LINE SOURCE TEXT
  VALUE

0065   206B           00096         CALL RXCHECK
                      00097 
0066                  00098 loop: 
0066   2030           00099         CALL xms
0067   2030           00100         CALL xms
0068   2030           00101         CALL xms
0069   2030           00102         CALL xms
006A   2866           00103         GOTO loop
                      00104 
                      00105 
                      00106 
006B                  00107 RXCHECK:
006B   1A8C           00108         BTFSC PIR1,5
006C   206F           00109         CALL RECIVED
006D   286B           00110         GOTO RXCHECK
006E   0008           00111         RETURN
                      00112 
006F                  00113 RECIVED:
006F   081A           00114         MOVF RCREG,0
0070   14F4           00115         BSF Select,RS
0071   203A           00116         CALL send
                      00117 ;       MOVWF PORTD
0072   128C           00118         BCF PIR1,5
0073   0008           00119         RETURN
                      00120 
Warning[205]: Found directive in column 1. (END)
                      00121 END
MPASM  5.50                         SLAVE.ASM   2-2-2024  16:00:59         PAGE  6


SYMBOL TABLE
  LABEL                             VALUE 

ACKDT                             00000005
ACKEN                             00000004
ACKSTAT                           00000006
ADCON0                            0000001F
ADCON1                            0000009F
ADCS0                             00000006
ADCS1                             00000007
ADDEN                             00000003
ADFM                              00000007
ADIE                              00000006
ADIF                              00000006
ADON                              00000000
ADRESH                            0000001E
ADRESL                            0000009E
BACK                              00000025
BCLIE                             00000003
BCLIF                             00000003
BF                                00000000
BRGH                              00000002
C                                 00000000
C1INV                             00000004
C1OUT                             00000006
C2INV                             00000005
C2OUT                             00000007
CCP1CON                           00000017
CCP1IE                            00000002
CCP1IF                            00000002
CCP1M0                            00000000
CCP1M1                            00000001
CCP1M2                            00000002
CCP1M3                            00000003
CCP1X                             00000005
CCP1Y                             00000004
CCP2CON                           0000001D
CCP2IE                            00000000
CCP2IF                            00000000
CCP2M0                            00000000
CCP2M1                            00000001
CCP2M2                            00000002
CCP2M3                            00000003
CCP2X                             00000005
CCP2Y                             00000004
CCPR1H                            00000016
CCPR1L                            00000015
CCPR2H                            0000001C
CCPR2L                            0000001B
CHS0                              00000003
CHS1                              00000004
CHS2                              00000005
CIS                               00000003
CKE                               00000006
CKP                               00000004
CM0                               00000000
MPASM  5.50                         SLAVE.ASM   2-2-2024  16:00:59         PAGE  7


SYMBOL TABLE
  LABEL                             VALUE 

CM1                               00000001
CM2                               00000002
CMCON                             0000009C
CMIE                              00000006
CMIF                              00000006
CREN                              00000004
CSRC                              00000007
CVR0                              00000000
CVR1                              00000001
CVR2                              00000002
CVR3                              00000003
CVRCON                            0000009D
CVREN                             00000007
CVROE                             00000006
CVRR                              00000005
Char                              00000025
CharZ                             00000026
D                                 00000005
DATA_ADDRESS                      00000005
DC                                00000001
D_A                               00000005
E                                 00000002
EEADR                             0000010D
EEADRH                            0000010F
EECON1                            0000018C
EECON2                            0000018D
EEDATA                            0000010C
EEDATH                            0000010E
EEIE                              00000004
EEIF                              00000004
EEPGD                             00000007
F                                 00000001
FERR                              00000002
FSR                               00000004
GCEN                              00000007
GIE                               00000007
GO                                00000002
GO_DONE                           00000002
I2C_DATA                          00000005
I2C_READ                          00000002
I2C_START                         00000003
I2C_STOP                          00000004
IBF                               00000007
IBOV                              00000005
INDF                              00000000
INTCON                            0000000B
INTE                              00000004
INTEDG                            00000006
INTF                              00000001
IRP                               00000007
ISR                               00000021
NOT_A                             00000005
NOT_ADDRESS                       00000005
MPASM  5.50                         SLAVE.ASM   2-2-2024  16:00:59         PAGE  8


SYMBOL TABLE
  LABEL                             VALUE 

NOT_BO                            00000000
NOT_BOR                           00000000
NOT_DONE                          00000002
NOT_PD                            00000003
NOT_POR                           00000001
NOT_RBPU                          00000007
NOT_RC8                           00000006
NOT_T1SYNC                        00000002
NOT_TO                            00000004
NOT_TX8                           00000006
NOT_W                             00000002
NOT_WRITE                         00000002
OBF                               00000006
OERR                              00000001
OPTION_REG                        00000081
OutCod                            00000075
P                                 00000004
PCFG0                             00000000
PCFG1                             00000001
PCFG2                             00000002
PCFG3                             00000003
PCL                               00000002
PCLATH                            0000000A
PCON                              0000008E
PEIE                              00000006
PEN                               00000002
PIE1                              0000008C
PIE2                              0000008D
PIR1                              0000000C
PIR2                              0000000D
PORTA                             00000005
PORTB                             00000006
PORTC                             00000007
PORTD                             00000008
PORTE                             00000009
PR2                               00000092
PS0                               00000000
PS1                               00000001
PS2                               00000002
PSA                               00000003
PSPIE                             00000007
PSPIF                             00000007
PSPMODE                           00000004
Point                             00000073
R                                 00000002
RBIE                              00000003
RBIF                              00000000
RC8_9                             00000006
RC9                               00000006
RCD8                              00000000
RCEN                              00000003
RCIE                              00000005
RCIF                              00000005
MPASM  5.50                         SLAVE.ASM   2-2-2024  16:00:59         PAGE  9


SYMBOL TABLE
  LABEL                             VALUE 

RCREG                             0000001A
RCSTA                             00000018
RD                                00000000
READ_WRITE                        00000002
RECIVED                           0000006F
RP0                               00000005
RP1                               00000006
RS                                00000001
RSEN                              00000001
RX9                               00000006
RX9D                              00000000
RXCHECK                           0000006B
R_W                               00000002
S                                 00000003
SEN                               00000000
SMP                               00000007
SPBRG                             00000099
SPEN                              00000007
SREN                              00000005
SSPADD                            00000093
SSPBUF                            00000013
SSPCON                            00000014
SSPCON2                           00000091
SSPEN                             00000005
SSPIE                             00000003
SSPIF                             00000003
SSPM0                             00000000
SSPM1                             00000001
SSPM2                             00000002
SSPM3                             00000003
SSPOV                             00000006
SSPSTAT                           00000094
STATUS                            00000003
SYNC                              00000004
Select                            00000074
T0CS                              00000005
T0IE                              00000005
T0IF                              00000002
T0SE                              00000004
T1CKPS0                           00000004
T1CKPS1                           00000005
T1CON                             00000010
T1INSYNC                          00000002
T1OSCEN                           00000003
T1SYNC                            00000002
T2CKPS0                           00000000
T2CKPS1                           00000001
T2CON                             00000012
TMR0                              00000001
TMR0IE                            00000005
TMR0IF                            00000002
TMR1CS                            00000001
TMR1H                             0000000F
MPASM  5.50                         SLAVE.ASM   2-2-2024  16:00:59         PAGE 10


SYMBOL TABLE
  LABEL                             VALUE 

TMR1IE                            00000000
TMR1IF                            00000000
TMR1L                             0000000E
TMR1ON                            00000000
TMR2                              00000011
TMR2IE                            00000001
TMR2IF                            00000001
TMR2ON                            00000002
TOUTPS0                           00000003
TOUTPS1                           00000004
TOUTPS2                           00000005
TOUTPS3                           00000006
TRISA                             00000085
TRISB                             00000086
TRISC                             00000087
TRISD                             00000088
TRISE                             00000089
TRISE0                            00000000
TRISE1                            00000001
TRISE2                            00000002
TRMT                              00000001
TX8_9                             00000006
TX9                               00000006
TX9D                              00000000
TXD8                              00000000
TXEN                              00000005
TXIE                              00000004
TXIF                              00000004
TXREG                             00000019
TXSTA                             00000098
Timer1                            00000070
TimerX                            00000071
UA                                00000001
Var                               00000072
W                                 00000000
WCOL                              00000007
WR                                00000001
WREN                              00000002
WRERR                             00000003
Z                                 00000002
_BODEN_OFF                        00003FBF
_BODEN_ON                         00003FFF
_CPD_OFF                          00003FFF
_CPD_ON                           00003EFF
_CP_ALL                           00001FFF
_CP_OFF                           00003FFF
_DEBUG_OFF                        00003FFF
_DEBUG_ON                         000037FF
_HS_OSC                           00003FFE
_LP_OSC                           00003FFC
_LVP_OFF                          00003F7F
_LVP_ON                           00003FFF
_PWRTE_OFF                        00003FFF
MPASM  5.50                         SLAVE.ASM   2-2-2024  16:00:59         PAGE 11


SYMBOL TABLE
  LABEL                             VALUE 

_PWRTE_ON                         00003FF7
_RC_OSC                           00003FFF
_WDT_OFF                          00003FFB
_WDT_ON                           00003FFF
_WRT_1FOURTH                      00003BFF
_WRT_256                          00003DFF
_WRT_HALF                         000039FF
_WRT_OFF                          00003FFF
_XT_OSC                           00003FFD
__16F877A                         00000001
__DEBUG                           1
inid                              0000004A
init                              00000005
loop                              00000066
loop1                             0000002C
loopX                             00000031
onems                             0000002A
pulseE                            00000035
send                              0000003A
start                             00000065
xms                               00000030


MEMORY USAGE MAP ('X' = Used,  '-' = Unused)

0000 : X---XXXXXXXXXXXX XXXXXXXXXXXXXXXX XXXXXXXXXXXXXXXX XXXXXXXXXXXXXXXX
0040 : XXXXXXXXXXXXXXXX XXXXXXXXXXXXXXXX XXXXXXXXXXXXXXXX XXXX------------
2000 : -------X-------- ---------------- ---------------- ----------------

All other memory blocks unused.

Program Memory Words Used:   113
Program Memory Words Free:  8079


Errors   :     0
Warnings :     1 reported,     0 suppressed
Messages :     8 reported,     0 suppressed

