MPASM  5.50                         SLAVE.ASM   2-14-2024  18:11:27         PAGE  1


LOC  OBJECT CODE     LINE SOURCE TEXT
  VALUE

                      00001 
                      00002         PROCESSOR 16F877A
                      00003         INCLUDE "P16F877A.INC"  
                      00001         LIST
                      00002 ; P16F877A.INC  Standard Header File, Version 1.00    Microchip Technology, Inc.
                      00398         LIST
                      00004 
2007   3731           00005         __CONFIG 0x3731
                      00006 
                      00007 
  00000021            00008 Char EQU 0x21
  00000022            00009 tensTemp EQU 0x22
  00000027            00010 tenTimes EQU 0x27
  00000028            00011 onesTimes EQU 0x28
  00000029            00012 reciveTurn EQU 0x29
  00000030            00013 onesTemp2 EQU 0x30
  00000031            00014 CarryCount EQU 0x31
  00000032            00015 ResultH EQU 0x32
  00000033            00016 ResultL EQU 0x33
  00000034            00017 onesTempT EQU 0x34
  00000035            00018 Number1 EQU 0x35
  00000036            00019 CarryCount2 EQU 0x36
                      00020 ;NUM EQU 0x25
                      00021 
                      00022 ; The instructions should start from here
0000                  00023         ORG 0x00
0000   2805           00024         GOTO init
                      00025 
                      00026 
0004                  00027         ORG 0x04
0004   282B           00028         GOTO ISR
                      00029 
                      00030 
                      00031 ; The init for our program
0005                  00032 init:
0005   01B5           00033         CLRF Number1
0006   01B1           00034         CLRF CarryCount
0007   01B6           00035         CLRF CarryCount2
0008   01B4           00036         CLRF onesTempT
0009   01B2           00037         CLRF ResultH
000A   01B3           00038         CLRF ResultL 
000B   01A9           00039         CLRF reciveTurn
000C   01B0           00040         CLRF onesTemp2
000D   01A2           00041         CLRF tensTemp
                      00042         ;CLRF onesTimes 
                      00043         ;MOVLW D'9'
000E   01A7           00044         CLRF tenTimes
000F   1683 1303      00045         BANKSEL TRISD
Message[302]: Register in operand not in bank 0.  Ensure that bank bits are correct.
0011   0188           00046         CLRF TRISD
                      00047         
0012   1283 1303      00048         BANKSEL PORTD
0014   2054           00049         CALL inid
MPASM  5.50                         SLAVE.ASM   2-14-2024  18:11:27         PAGE  2


LOC  OBJECT CODE     LINE SOURCE TEXT
  VALUE

0015   203A           00050         CALL xms
0016   203A           00051         CALL xms
                      00052 
0017   1303           00053         BCF STATUS,6
0018   1683           00054         BSF STATUS,5
                      00055 
Message[302]: Register in operand not in bank 0.  Ensure that bank bits are correct.
0019   1307           00056         BCF TRISC,6
Message[302]: Register in operand not in bank 0.  Ensure that bank bits are correct.
001A   1787           00057         BSF TRISC,7
                      00058 
                      00059 
001B   3020           00060         MOVLW b'00100000'
Message[302]: Register in operand not in bank 0.  Ensure that bank bits are correct.
001C   0098           00061         MOVWF TXSTA
                      00062         
001D   1303           00063         BCF STATUS,6
001E   1283           00064         BCF STATUS,5
                      00065         
001F   3090           00066         MOVLW b'10010000'
0020   0098           00067         MOVWF RCSTA
                      00068         
0021   1303           00069         BCF STATUS,6
0022   1683           00070         BSF STATUS,5
0023   301F           00071         MOVLW d'31'
Message[302]: Register in operand not in bank 0.  Ensure that bank bits are correct.
0024   0099           00072         MOVWF SPBRG
                      00073         
0025   178B           00074         BSF INTCON,7
0026   170B           00075         BSF INTCON,6 
                      00076 
                      00077 
0027   1303           00078         BCF STATUS,6
0028   1283           00079         BCF STATUS,5
                      00080 
0029   128C           00081         BCF PIR1,5
                      00082         
002A   286F           00083         GOTO start
                      00084 
                      00085 ; When intruput happend the program will enter here
002B                  00086 ISR:
002B   1283 1303      00087         BANKSEL INTCON
002D   120B           00088         BCF INTCON, INTE
002E   108B           00089         BCF INTCON, INTF
                      00090         ;DECF Char
                      00091 ;       INCF Char
                      00092 ;       CALL sayHi
                      00093         ; TASK
                      00094 
                      00095         ; END TASK
                      00096         
                      00097 ;       BANKSEL INTCON
                      00098 ;       BSF INTCON, INTE
MPASM  5.50                         SLAVE.ASM   2-14-2024  18:11:27         PAGE  3


LOC  OBJECT CODE     LINE SOURCE TEXT
  VALUE

                      00099 ;       BANKSEL PORTD
002F                  00100 BACK:
002F   1283 1303      00101         BANKSEL INTCON
0031   160B           00102         BSF INTCON, INTE
0032   178B           00103         BSF INTCON, GIE
                      00104 ;       BANKSEL PORTD
                      00105 ;       GOTO loop       
                      00106 
                      00107 
0033   0009           00108         retfie
                      00109 
                      00110 
                      00111 ;INCLUDE "LCDIS_PORTD.INC" ; IF U WANT TO USE LCD ON PORT D
                      00112 ;INCLUDE "LCDIS_PORTA.INC" ; IF U WANT TO USE LCD ON PORT A
                      00113         INCLUDE "LCDIS.INC" 
                      00001 ;       LCDIS.INC               MPB     19-12-05
                      00002 ;
                      00003 ;       Include file to operate 16x2 LCD display
                      00004 ;       Uses GPR 70 - 75
                      00005 ;       
                      00006 ;       Final version
                      00007 ;-------------------------------------------------------------------------------------------
                      00008 
  00000070            00009 Timer1  EQU     70              ; 1ms count register
  00000071            00010 TimerX  EQU     71              ; Xms count register
  00000072            00011 Var     EQU     72              ; Output variable
  00000073            00012 Point   EQU     73              ; Program table pointer
  00000074            00013 Select  EQU     74              ; Used to set or clear RS bit
  00000075            00014 OutCod  EQU     75              ; Temp store for output code
                      00015 
  00000001            00016 RS      EQU     1               ; Register select output bit
  00000002            00017 E       EQU     2               ; Enable output clocks display input
                      00018 
                      00019 
                      00020 ;--------------------------------------------------------------------------------------------   
                      00021 ;       1ms delay with 1us cycle time (1000 cycles) assuming 4MHZ oscillator
                      00022 ;--------------------------------------------------------------------------------------------   
0034                  00023 onems   ;nop
0034   30F9           00024                 MOVLW   D'249'          ; Count for 1ms delay ==> 1 + 1 + 1 + 248 * (1 + 1 + 2) + 1 + 2 
                            + 2 = 
0035   00F0           00025                 MOVWF   Timer1          ; Load count
0036   0000           00026 loop1   NOP                     ; Pad for 4 cycle loop
Message[305]: Using default destination of 1 (file).
0037   0BF0           00027                 DECFSZ  Timer1          ; Count
0038   2836           00028                 GOTO    loop1           ; until Z
0039   0008           00029                 RETURN                  ; and finish
                      00030 
                      00031 ;---------------------------------------------------------------------------------------------  
                      00032 ;       Delay Xms
                      00033 ;       Receives count in W, uses Onems
                      00034 ;---------------------------------------------------------------------------------------------  
003A   00F1           00035 xms             MOVWF   TimerX          ; Count for X ms
003B   2034           00036 loopX   CALL    onems           ; Delay 1ms
MPASM  5.50                         SLAVE.ASM   2-14-2024  18:11:27         PAGE  4


LOC  OBJECT CODE     LINE SOURCE TEXT
  VALUE

Message[305]: Using default destination of 1 (file).
003C   0BF1           00037                 DECFSZ  TimerX          ; Repeat X times 
003D   283B           00038                 GOTO    loopX           ; until Z
003E   0008           00039                 RETURN                  ; and finish
                      00040 
                      00041 ;---------------------------------------------------------------------------------------------  
                      00042 ;       Generate data/command clock siganl E
                      00043 ;---------------------------------------------------------------------------------------------  
003F   1508           00044 pulseE  BSF     PORTD,E         ; Set E high
0040   2034           00045         CALL    onems           ; Delay 1ms
0041   1108           00046         BCF     PORTD,E         ; Reset E low
0042   2034           00047         CALL    onems           ; Delay 1ms
0043   0008           00048         RETURN                  ; done
                      00049 
                      00050 ;---------------------------------------------------------------------------------------------  
                      00051 ;       Send a command byte in two nibbles from RB4 - RB7
                      00052 ;       Receives command in W, uses PulseE and Onems
                      00053 ;---------------------------------------------------------------------------------------------  
0044   00F5           00054 send    MOVWF   OutCod          ; Store output code
0045   39F0           00055         ANDLW   0F0             ; Clear low nybble
0046   0088           00056         MOVWF   PORTD           ; Output high nybble
0047   18F4           00057         BTFSC   Select,RS       ; Test RS bit
0048   1488           00058         BSF     PORTD,RS        ; and set for data
0049   203F           00059         CALL    pulseE          ; and clock display register
004A   2034           00060         CALL    onems           ; wait 1ms for display to complete
                      00061 
Message[305]: Using default destination of 1 (file).
004B   0EF5           00062         SWAPF   OutCod          ; Swap low and high nybbles 
004C   0875           00063         MOVF    OutCod,W        ; Retrieve output code
004D   39F0           00064         ANDLW   0F0             ; Clear low nybble
004E   0088           00065         MOVWF   PORTD           ; Output low nybble
004F   18F4           00066         BTFSC   Select,RS       ; Test RS bit
0050   1488           00067         BSF     PORTD,RS        ; and set for data
0051   203F           00068         CALL    pulseE          ; and clock display register
0052   2034           00069         CALL    onems           ; wait 1ms for display to complete
0053   0008           00070         RETURN                  ; done
                      00071 
                      00072 ;---------------------------------------------------------------------------------------------  
                      00073 ;       Initialise the display
                      00074 ;       Uses Send
                      00075 ;---------------------------------------------------------------------------------------------  
0054   3064           00076 inid    MOVLW   D'100'          ; Load count for 100ms delay
0055   203A           00077         CALL    xms             ; and wait for display start
0056   30F0           00078         MOVLW   0F0             ; Mask for select code
0057   00F4           00079         MOVWF   Select          ; High nybble not masked
                      00080 
0058   3030           00081         MOVLW   0x30            ; Load initial nibble
0059   0088           00082         MOVWF   PORTD           ; and output it to display
005A   203F           00083         CALL    pulseE          ; Latch initial code
005B   3005           00084         MOVLW   D'5'            ; Set delay 5ms
005C   203A           00085         CALL    xms             ; and wait
005D   203F           00086         CALL    pulseE          ; Latch initial code again
005E   2034           00087         CALL    onems           ; Wait 1ms
MPASM  5.50                         SLAVE.ASM   2-14-2024  18:11:27         PAGE  5


LOC  OBJECT CODE     LINE SOURCE TEXT
  VALUE

005F   203F           00088         CALL    pulseE          ; Latch initial code again
0060   1208           00089         BCF     PORTD,4         ; Set 4-bit mode
0061   203F           00090         CALL    pulseE          ; Latch it
                      00091         
0062   3028           00092         MOVLW   0x28            ; Set 4-bit mode, 2 lines
0063   2044           00093         CALL    send            ; and send code
0064   3008           00094         MOVLW   0x08            ; Switch off display
0065   2044           00095         CALL    send            ; and send code
0066   3001           00096         MOVLW   0x01            ; Code to clear display
0067   2044           00097         CALL    send            ; and send code
0068   3006           00098         MOVLW   0x06            ; Enable cursor auto inc  
0069   2044           00099         CALL    send            ; and send code
006A   3080           00100         MOVLW   0x80            ; Zero display address
006B   2044           00101         CALL    send            ; and send code
006C   300C           00102         MOVLW   0x0C            ; Turn on display  
006D   2044           00103         CALL    send            ; and send code
                      00104 
006E   0008           00105         RETURN                  ; Done
                      00114 ; The main code for our program
006F                  00115 start:
                      00116 
006F   2075           00117         CALL RXCHECK
                      00118 
0070                  00119 loop: 
0070   203A           00120         CALL xms
0071   203A           00121         CALL xms
0072   203A           00122         CALL xms
0073   203A           00123         CALL xms
0074   2870           00124         GOTO loop
                      00125 
                      00126 
                      00127 
0075                  00128 RXCHECK:
0075   1A8C           00129         BTFSC PIR1,5
0076   207E           00130         CALL RECIVED
0077   18A9           00131         BTFSC reciveTurn,1
0078   289E           00132         GOTO Mul
0079   2875           00133         GOTO RXCHECK
007A   0008           00134         RETURN
007B                  00135 TRANSMIT:
007B   1E0C           00136         BTFSS PIR1,4
007C   287B           00137         GOTO TRANSMIT
007D   0008           00138         RETURN
                      00139 
007E                  00140 RECIVED:
007E   081A           00141         MOVF RCREG,0
007F   1829           00142         BTFSC reciveTurn,0
0080   2896           00143         GOTO secondNumCame
0081   1429           00144         BSF reciveTurn,0
                      00145 ;       MOVWF Number1 ; we store the value to multiplicate.
                      00146 ;       MOVFW Number1
0082   00A2           00147         MOVWF tensTemp ; this just to separate to review in the LCD
0083   1103           00148         BCF STATUS,Z
MPASM  5.50                         SLAVE.ASM   2-14-2024  18:11:27         PAGE  6


LOC  OBJECT CODE     LINE SOURCE TEXT
  VALUE

0084                  00149 num1Separate:
0084   300A           00150         MOVLW D'10'
Message[305]: Using default destination of 1 (file).
0085   02A2           00151         SUBWF tensTemp ; adpin
Message[305]: Using default destination of 1 (file).
0086   0AA7           00152         INCF tenTimes  ; tens
0087   1803           00153         BTFSC STATUS,C ; status
0088   2884           00154         GOTO num1Separate  ; goto 
Message[305]: Using default destination of 1 (file).
0089   07A2           00155         ADDWF tensTemp ; adpin
Message[305]: Using default destination of 1 (file).
008A   03A7           00156         DECF tenTimes ; tens
008B   0822           00157         MOVFW tensTemp ;,W ; adpin
008C   00A8           00158         MOVWF onesTimes ; ones
008D   14F4           00159         BSF Select,RS ;;9
008E   0827           00160         MOVFW tenTimes
008F   3E30           00161         ADDLW D'48'
0090   2044           00162         CALL send
0091   14F4           00163         BSF Select,RS
0092   0828           00164         MOVFW onesTimes
0093   3E30           00165         ADDLW D'48'
0094   2044           00166         CALL send
0095   289C           00167         GOTO ReturnFlag
                      00168         
                      00169 
                      00170         ;----- second number came : 
0096                  00171 secondNumCame:
0096   00B0           00172         MOVWF onesTemp2
0097   14F4           00173         BSF Select,RS 
0098   0830           00174         MOVFW onesTemp2
0099   3E30           00175         ADDLW D'48'
009A   2044           00176         CALL send       
009B   14A9           00177         BSF reciveTurn,1
                      00178 
                      00179 
                      00180 
009C                  00181 ReturnFlag:
                      00182         
009C   128C           00183         BCF PIR1,5
                      00184         
009D   0008           00185         RETURN
                      00186 
                      00187 ;------------ Multiplication -----------------;
                      00188 
009E                  00189 Mul: 
009E   0830           00190         MOVFW onesTemp2
009F   00B4           00191         MOVWF onesTempT
00A0   1103           00192         BCF STATUS,Z
                      00193         ;DECF onesTemp2 ; for the multiply the ones - units -
                      00194         ;DECF onesTempT
                      00195 ; first we will multiply the num1 ones by the num2 ones
                      00196 ; and store the carry, then we will make the high 4 bits zeros 
                      00197 ; to make it one digit ( in the least sig. reg) 
MPASM  5.50                         SLAVE.ASM   2-14-2024  18:11:27         PAGE  7


LOC  OBJECT CODE     LINE SOURCE TEXT
  VALUE

00A1   3000           00198         MOVLW D'0'
00A2   0628           00199         XORWF onesTimes,W
00A3   1903           00200         BTFSC STATUS, Z ; Check if Z flag is set (result is zero)
00A4   28B7           00201     GOTO  digitIsZero   ; If not zero, jump to notEqual
                      00202         
00A5   0828           00203         MOVFW onesTimes
00A6   01A8           00204         CLRF onesTimes
                      00205 ;       MOVFW onesTempT
00A7                  00206 MulLoop:
00A7   07A8           00207         ADDWF onesTimes,F
Message[305]: Using default destination of 1 (file).
00A8   0BB4           00208         DECFSZ onesTempT;20
00A9   28A7           00209         GOTO MulLoop
00AA   0828           00210         MOVFW onesTimes
                      00211         ;MOVWF ResultL
00AB                  00212 CARRYLOOP
00AB   300A           00213         MOVLW D'10'
00AC   02A8           00214         SUBWF onesTimes,F;10
00AD   1C03           00215         BTFSS STATUS,C
00AE   28B1           00216         GOTO DIGIT
Message[305]: Using default destination of 1 (file).
00AF   0AB1           00217         INCF CarryCount
00B0   28AB           00218         GOTO CARRYLOOP
00B1                  00219 DIGIT
                      00220 ;TO REMOVE -ONETIMES
00B1   0828           00221         MOVFW onesTimes
00B2   3E0A           00222         ADDLW D'10'
00B3   00A8           00223         MOVWF onesTimes
00B4   0828           00224         MOVFW onesTimes
00B5   00B3           00225         MOVWF ResultL
00B6   28B9           00226         goto tenLoop
                      00227         
                      00228 
                      00229 ;--- if the ones digit of the first number is zero the mul result
                      00230 ;--- for the LOW SIG. REG will be zero without doing the mul.
00B7                  00231 digitIsZero:
00B7   01A8           00232         CLRF onesTimes
00B8   01B1           00233         CLRF CarryCount
                      00234         ;GOTO numTensMul
                      00235 
                      00236 
                      00237 ;-- we must make it go to the tens* 2nd number one.
00B9                  00238 tenLoop
00B9   01B2           00239         CLRF ResultH
00BA   0827           00240         MOVFW tenTimes
                      00241         ;ADDWF ResultH,F
                      00242         
00BB                  00243 MulLoopTen:
00BB   0827           00244         MOVFW tenTimes
00BC   07B2           00245         ADDWF ResultH,F
00BD   0832           00246         MOVFW ResultH
                      00247         ;BSF Select, RS
                      00248         ;ADDLW D'48'
MPASM  5.50                         SLAVE.ASM   2-14-2024  18:11:27         PAGE  8


LOC  OBJECT CODE     LINE SOURCE TEXT
  VALUE

                      00249         ;CALL send
00BE   0BB0           00250         DECFSZ onesTemp2,F
00BF   28BB           00251         GOTO MulLoopTen
00C0   0831           00252         MOVFW CarryCount
00C1   07B2           00253         ADDWF ResultH,F
                      00254 ;       MOVFW ResultH
                      00255         ;BSF Select, RS
                      00256 ;       ADDLW D'48'
                      00257 ;       CALL send
                      00258         ;GOTO loop
00C2   28CE           00259         GOTO SEP
                      00260 
                      00261 
00C3                  00262 PRINT
00C3   14F4           00263         BSF Select,RS
00C4   0833           00264         MOVFW ResultL ;ONES
00C5   0099           00265         MOVWF TXREG
00C6   207B           00266         CALL TRANSMIT
00C7   0833           00267         MOVFW ResultL
00C8   3E30           00268         ADDLW D'48'
00C9   2044           00269         CALL send
00CA   0831           00270         MOVFW CarryCount;Carry
00CB   3E30           00271         ADDLW D'48'
00CC   2044           00272         CALL send
                      00273 
                      00274 
                      00275 
00CD   0008           00276         return
                      00277 
                      00278 
                      00279 ;------------------------------------------------       
00CE                  00280 SEP
00CE   01A7           00281         CLRF tenTimes
00CF   01A8           00282         CLRF onesTimes
00D0   01A2           00283         CLRF tensTemp
                      00284         
                      00285         
00D1   1003           00286         BCF STATUS,C
00D2   203A           00287         CALL xms
00D3   203A           00288         CALL xms
00D4   203A           00289         CALL xms
00D5   203A           00290         CALL xms
00D6   203A           00291         CALL xms
00D7   203A           00292         CALL xms
00D8   0832           00293         MOVFW ResultH
00D9   0099           00294         MOVWF TXREG
00DA   207B           00295         CALL TRANSMIT
00DB   0832           00296         MOVFW ResultH
00DC   14F4           00297         BSF Select , RS
00DD   3E30           00298         ADDLW D'48'
00DE   2044           00299         CALL send
                      00300         ;GOTO loop
00DF   0832           00301         MOVFW ResultH
MPASM  5.50                         SLAVE.ASM   2-14-2024  18:11:27         PAGE  9


LOC  OBJECT CODE     LINE SOURCE TEXT
  VALUE

00E0   00A2           00302         MOVWF tensTemp
00E1   1403           00303         BSF STATUS,C
00E2                  00304 num1Separate2:
00E2   300A           00305         MOVLW D'10'
Message[305]: Using default destination of 1 (file).
00E3   02A2           00306         SUBWF tensTemp
Message[305]: Using default destination of 1 (file).
00E4   0AA7           00307         INCF tenTimes  
00E5   1803           00308         BTFSC STATUS,C 
00E6   28E2           00309         GOTO num1Separate2 
Message[305]: Using default destination of 1 (file).
00E7   07A2           00310         ADDWF tensTemp 
Message[305]: Using default destination of 1 (file).
00E8   03A7           00311         DECF tenTimes 
00E9   0822           00312         MOVFW tensTemp 
00EA   00A8           00313         MOVWF onesTimes
00EB   14F4           00314         BSF Select,RS 
00EC   303D           00315         MOVLW '='
00ED   2044           00316         CALL send
00EE   0827           00317         MOVFW tenTimes ;HUNS
00EF   3E30           00318         ADDLW D'48'
00F0   2044           00319         CALL send
00F1   14F4           00320         BSF Select,RS
00F2   0828           00321         MOVFW onesTimes;TENS
00F3   3E30           00322         ADDLW D'48'
00F4   2044           00323         CALL send
00F5   20C3           00324         CALL PRINT
                      00325 
                      00326 
                      00327 
00F6   28F7           00328         GOTO loop33
                      00329 
00F7                  00330 loop33:
                      00331 
00F7   28F7           00332         GOTO loop33
                      00333 
                      00334 
                      00335 
                      00336 
                      00337 
                      00338         END
MPASM  5.50                         SLAVE.ASM   2-14-2024  18:11:27         PAGE 10


SYMBOL TABLE
  LABEL                             VALUE 

ACKDT                             00000005
ACKEN                             00000004
ACKSTAT                           00000006
ADCON0                            0000001F
ADCON1                            0000009F
ADCS0                             00000006
ADCS1                             00000007
ADDEN                             00000003
ADFM                              00000007
ADIE                              00000006
ADIF                              00000006
ADON                              00000000
ADRESH                            0000001E
ADRESL                            0000009E
BACK                              0000002F
BCLIE                             00000003
BCLIF                             00000003
BF                                00000000
BRGH                              00000002
C                                 00000000
C1INV                             00000004
C1OUT                             00000006
C2INV                             00000005
C2OUT                             00000007
CARRYLOOP                         000000AB
CCP1CON                           00000017
CCP1IE                            00000002
CCP1IF                            00000002
CCP1M0                            00000000
CCP1M1                            00000001
CCP1M2                            00000002
CCP1M3                            00000003
CCP1X                             00000005
CCP1Y                             00000004
CCP2CON                           0000001D
CCP2IE                            00000000
CCP2IF                            00000000
CCP2M0                            00000000
CCP2M1                            00000001
CCP2M2                            00000002
CCP2M3                            00000003
CCP2X                             00000005
CCP2Y                             00000004
CCPR1H                            00000016
CCPR1L                            00000015
CCPR2H                            0000001C
CCPR2L                            0000001B
CHS0                              00000003
CHS1                              00000004
CHS2                              00000005
CIS                               00000003
CKE                               00000006
CKP                               00000004
MPASM  5.50                         SLAVE.ASM   2-14-2024  18:11:27         PAGE 11


SYMBOL TABLE
  LABEL                             VALUE 

CM0                               00000000
CM1                               00000001
CM2                               00000002
CMCON                             0000009C
CMIE                              00000006
CMIF                              00000006
CREN                              00000004
CSRC                              00000007
CVR0                              00000000
CVR1                              00000001
CVR2                              00000002
CVR3                              00000003
CVRCON                            0000009D
CVREN                             00000007
CVROE                             00000006
CVRR                              00000005
CarryCount                        00000031
CarryCount2                       00000036
Char                              00000021
D                                 00000005
DATA_ADDRESS                      00000005
DC                                00000001
DIGIT                             000000B1
D_A                               00000005
E                                 00000002
EEADR                             0000010D
EEADRH                            0000010F
EECON1                            0000018C
EECON2                            0000018D
EEDATA                            0000010C
EEDATH                            0000010E
EEIE                              00000004
EEIF                              00000004
EEPGD                             00000007
F                                 00000001
FERR                              00000002
FSR                               00000004
GCEN                              00000007
GIE                               00000007
GO                                00000002
GO_DONE                           00000002
I2C_DATA                          00000005
I2C_READ                          00000002
I2C_START                         00000003
I2C_STOP                          00000004
IBF                               00000007
IBOV                              00000005
INDF                              00000000
INTCON                            0000000B
INTE                              00000004
INTEDG                            00000006
INTF                              00000001
IRP                               00000007
MPASM  5.50                         SLAVE.ASM   2-14-2024  18:11:27         PAGE 12


SYMBOL TABLE
  LABEL                             VALUE 

ISR                               0000002B
Mul                               0000009E
MulLoop                           000000A7
MulLoopTen                        000000BB
NOT_A                             00000005
NOT_ADDRESS                       00000005
NOT_BO                            00000000
NOT_BOR                           00000000
NOT_DONE                          00000002
NOT_PD                            00000003
NOT_POR                           00000001
NOT_RBPU                          00000007
NOT_RC8                           00000006
NOT_T1SYNC                        00000002
NOT_TO                            00000004
NOT_TX8                           00000006
NOT_W                             00000002
NOT_WRITE                         00000002
Number1                           00000035
OBF                               00000006
OERR                              00000001
OPTION_REG                        00000081
OutCod                            00000075
P                                 00000004
PCFG0                             00000000
PCFG1                             00000001
PCFG2                             00000002
PCFG3                             00000003
PCL                               00000002
PCLATH                            0000000A
PCON                              0000008E
PEIE                              00000006
PEN                               00000002
PIE1                              0000008C
PIE2                              0000008D
PIR1                              0000000C
PIR2                              0000000D
PORTA                             00000005
PORTB                             00000006
PORTC                             00000007
PORTD                             00000008
PORTE                             00000009
PR2                               00000092
PRINT                             000000C3
PS0                               00000000
PS1                               00000001
PS2                               00000002
PSA                               00000003
PSPIE                             00000007
PSPIF                             00000007
PSPMODE                           00000004
Point                             00000073
R                                 00000002
MPASM  5.50                         SLAVE.ASM   2-14-2024  18:11:27         PAGE 13


SYMBOL TABLE
  LABEL                             VALUE 

RBIE                              00000003
RBIF                              00000000
RC8_9                             00000006
RC9                               00000006
RCD8                              00000000
RCEN                              00000003
RCIE                              00000005
RCIF                              00000005
RCREG                             0000001A
RCSTA                             00000018
RD                                00000000
READ_WRITE                        00000002
RECIVED                           0000007E
RP0                               00000005
RP1                               00000006
RS                                00000001
RSEN                              00000001
RX9                               00000006
RX9D                              00000000
RXCHECK                           00000075
R_W                               00000002
ResultH                           00000032
ResultL                           00000033
ReturnFlag                        0000009C
S                                 00000003
SEN                               00000000
SEP                               000000CE
SMP                               00000007
SPBRG                             00000099
SPEN                              00000007
SREN                              00000005
SSPADD                            00000093
SSPBUF                            00000013
SSPCON                            00000014
SSPCON2                           00000091
SSPEN                             00000005
SSPIE                             00000003
SSPIF                             00000003
SSPM0                             00000000
SSPM1                             00000001
SSPM2                             00000002
SSPM3                             00000003
SSPOV                             00000006
SSPSTAT                           00000094
STATUS                            00000003
SYNC                              00000004
Select                            00000074
T0CS                              00000005
T0IE                              00000005
T0IF                              00000002
T0SE                              00000004
T1CKPS0                           00000004
T1CKPS1                           00000005
MPASM  5.50                         SLAVE.ASM   2-14-2024  18:11:27         PAGE 14


SYMBOL TABLE
  LABEL                             VALUE 

T1CON                             00000010
T1INSYNC                          00000002
T1OSCEN                           00000003
T1SYNC                            00000002
T2CKPS0                           00000000
T2CKPS1                           00000001
T2CON                             00000012
TMR0                              00000001
TMR0IE                            00000005
TMR0IF                            00000002
TMR1CS                            00000001
TMR1H                             0000000F
TMR1IE                            00000000
TMR1IF                            00000000
TMR1L                             0000000E
TMR1ON                            00000000
TMR2                              00000011
TMR2IE                            00000001
TMR2IF                            00000001
TMR2ON                            00000002
TOUTPS0                           00000003
TOUTPS1                           00000004
TOUTPS2                           00000005
TOUTPS3                           00000006
TRANSMIT                          0000007B
TRISA                             00000085
TRISB                             00000086
TRISC                             00000087
TRISD                             00000088
TRISE                             00000089
TRISE0                            00000000
TRISE1                            00000001
TRISE2                            00000002
TRMT                              00000001
TX8_9                             00000006
TX9                               00000006
TX9D                              00000000
TXD8                              00000000
TXEN                              00000005
TXIE                              00000004
TXIF                              00000004
TXREG                             00000019
TXSTA                             00000098
Timer1                            00000070
TimerX                            00000071
UA                                00000001
Var                               00000072
W                                 00000000
WCOL                              00000007
WR                                00000001
WREN                              00000002
WRERR                             00000003
Z                                 00000002
MPASM  5.50                         SLAVE.ASM   2-14-2024  18:11:27         PAGE 15


SYMBOL TABLE
  LABEL                             VALUE 

_BODEN_OFF                        00003FBF
_BODEN_ON                         00003FFF
_CPD_OFF                          00003FFF
_CPD_ON                           00003EFF
_CP_ALL                           00001FFF
_CP_OFF                           00003FFF
_DEBUG_OFF                        00003FFF
_DEBUG_ON                         000037FF
_HS_OSC                           00003FFE
_LP_OSC                           00003FFC
_LVP_OFF                          00003F7F
_LVP_ON                           00003FFF
_PWRTE_OFF                        00003FFF
_PWRTE_ON                         00003FF7
_RC_OSC                           00003FFF
_WDT_OFF                          00003FFB
_WDT_ON                           00003FFF
_WRT_1FOURTH                      00003BFF
_WRT_256                          00003DFF
_WRT_HALF                         000039FF
_WRT_OFF                          00003FFF
_XT_OSC                           00003FFD
__16F877A                         00000001
__DEBUG                           1
digitIsZero                       000000B7
inid                              00000054
init                              00000005
loop                              00000070
loop1                             00000036
loop33                            000000F7
loopX                             0000003B
num1Separate                      00000084
num1Separate2                     000000E2
onems                             00000034
onesTemp2                         00000030
onesTempT                         00000034
onesTimes                         00000028
pulseE                            0000003F
reciveTurn                        00000029
secondNumCame                     00000096
send                              00000044
start                             0000006F
tenLoop                           000000B9
tenTimes                          00000027
tensTemp                          00000022
xms                               0000003A
MPASM  5.50                         SLAVE.ASM   2-14-2024  18:11:27         PAGE 16


MEMORY USAGE MAP ('X' = Used,  '-' = Unused)


0000 : X---XXXXXXXXXXXX XXXXXXXXXXXXXXXX XXXXXXXXXXXXXXXX XXXXXXXXXXXXXXXX
0040 : XXXXXXXXXXXXXXXX XXXXXXXXXXXXXXXX XXXXXXXXXXXXXXXX XXXXXXXXXXXXXXXX
0080 : XXXXXXXXXXXXXXXX XXXXXXXXXXXXXXXX XXXXXXXXXXXXXXXX XXXXXXXXXXXXXXXX
00C0 : XXXXXXXXXXXXXXXX XXXXXXXXXXXXXXXX XXXXXXXXXXXXXXXX XXXXXXXX--------
2000 : -------X-------- ---------------- ---------------- ----------------

All other memory blocks unused.

Program Memory Words Used:   245
Program Memory Words Free:  7947


Errors   :     0
Warnings :     0 reported,     0 suppressed
Messages :    18 reported,     0 suppressed

