MPASM  5.50                          RXTX.ASM   2-15-2024  9:55:04         PAGE  1


LOC  OBJECT CODE     LINE SOURCE TEXT
  VALUE

                      00001 
                      00002         PROCESSOR 16F877A
                      00003         INCLUDE "P16F877A.INC"  
                      00001         LIST
                      00002 ; P16F877A.INC  Standard Header File, Version 1.00    Microchip Technology, Inc.
                      00398         LIST
                      00004 
2007   3731           00005         __CONFIG 0x3731
                      00006 
                      00007 
                      00008 
                      00009 
                      00010 
                      00011 
  00000021            00012 Char EQU 0x21
  00000022            00013 tensTemp EQU 0x22
  00000023            00014 onesTemp EQU 0x23 
  00000024            00015 tensTemp2 EQU 0x24
  00000025            00016 onesTemp2 EQU 0x25 
  00000026            00017 count EQU 0x26 
  00000027            00018 tenTimes EQU 0x27
  00000028            00019 onesTimes EQU 0x28
  00000029            00020 RtensTemp EQU 0x29
  00000030            00021 RtensTemp2 EQU 0x30
  00000031            00022 CarryCount EQU 0x31
  00000032            00023 ResultL EQU 0x32
  00000033            00024 ResultH EQU 0x33
  00000034            00025 ReciveTurn EQU 0x34
  00000035            00026 ResultL2 EQU 0x35
  00000036            00027 ResultH2 EQU 0x36
  00000037            00028 THO EQU 0x37
  00000038            00029 HUN EQU 0x38
                      00030 
                      00031 
                      00032 
                      00033 ; The instructions should start from here
0000                  00034         ORG 0x00
0000   2805           00035         GOTO init
                      00036 
                      00037 
0004                  00038         ORG 0x04
0004   2836           00039         GOTO ISR
                      00040 
                      00041 
                      00042 ; The init for our program
0005                  00043 init:
0005   01A9           00044         CLRF RtensTemp
0006   01A2           00045         CLRF tensTemp 
0007   01A3           00046         CLRF onesTemp 
0008   01A4           00047         CLRF tensTemp2 
0009   01A5           00048         CLRF onesTemp2
000A   01B0           00049         CLRF RtensTemp2
000B   01B1           00050         CLRF CarryCount
MPASM  5.50                          RXTX.ASM   2-15-2024  9:55:04         PAGE  2


LOC  OBJECT CODE     LINE SOURCE TEXT
  VALUE

000C   01B2           00051         CLRF ResultL
000D   01B3           00052         CLRF ResultH
000E   01B5           00053         CLRF ResultL2
000F   01B6           00054         CLRF ResultH2
0010   01B4           00055         CLRF ReciveTurn
0011   01B7           00056         CLRF THO
0012   01B8           00057         CLRF HUN
0013   3009           00058         MOVLW D'9'
0014   00A7           00059         MOVWF tenTimes 
0015   01A6           00060         CLRF count 
                      00061 
0016   1103           00062         BCF STATUS,Z
0017   1683 1303      00063         BANKSEL TRISB 
Message[302]: Register in operand not in bank 0.  Ensure that bank bits are correct.
0019   1406           00064         BSF TRISB, 0 ;Sets TRISB0 as an input.
                      00065         
001A   1283 1303      00066         BANKSEL INTCON
001C   178B           00067         BSF INTCON, GIE ; set Global interrupt
                      00068 
001D   1683 1303      00069         BANKSEL TRISD
Message[302]: Register in operand not in bank 0.  Ensure that bank bits are correct.
001F   0188           00070         CLRF TRISD;;Sets TRISD as an output.
                      00071         
                      00072         
0020   1283 1303      00073         BANKSEL PORTD
0022   2067           00074         CALL inid
0023   204D           00075         CALL xms
0024   204D           00076         CALL xms
                      00077         
                      00078 ; ------------- This is for the RX/TX configuration (commmunication between pics --------------------;  
0025   1303           00079         BCF STATUS,6
0026   1683           00080         BSF STATUS,5
                      00081         
Message[302]: Register in operand not in bank 0.  Ensure that bank bits are correct.
0027   1307           00082         BCF TRISC,6
Message[302]: Register in operand not in bank 0.  Ensure that bank bits are correct.
0028   1787           00083         BSF TRISC,7
                      00084 
0029   3020           00085         MOVLW b'00100000'
Message[302]: Register in operand not in bank 0.  Ensure that bank bits are correct.
002A   0098           00086         MOVWF TXSTA
                      00087         
002B   1303           00088         BCF STATUS,6
002C   1283           00089         BCF STATUS,5
                      00090         
002D   3090           00091         MOVLW b'10010000'
002E   0098           00092         MOVWF RCSTA
                      00093         
002F   1303           00094         BCF STATUS,6
0030   1683           00095         BSF STATUS,5
0031   301F           00096         MOVLW d'31'
Message[302]: Register in operand not in bank 0.  Ensure that bank bits are correct.
0032   0099           00097         MOVWF SPBRG
MPASM  5.50                          RXTX.ASM   2-15-2024  9:55:04         PAGE  3


LOC  OBJECT CODE     LINE SOURCE TEXT
  VALUE

                      00098 ; -------------- The end of RX/TX configuration ------------------------------------------;
                      00099 
0033   1283 1303      00100         BANKSEL PORTD ; go to bank 0 to make the lcd run.
0035   2882           00101         GOTO start
                      00102 
                      00103 ; When intruput happend the program will enter here
                      00104 ; The ISR will increment the count by 1 until to reach 100 for 2 seconds.
0036                  00105 ISR:
                      00106         
0036   1283 1303      00107         BANKSEL INTCON
0038   110B           00108         BCF INTCON, TMR0IF
0039   128B           00109         BCF INTCON, TMR0IE
                      00110 
Message[305]: Using default destination of 1 (file).
003A   0AA6           00111         INCF count
                      00112 
003B   1283 1303      00113         BANKSEL PORTD
                      00114 
                      00115 
003D                  00116 BACK:
003D   1283 1303      00117         BANKSEL TMR0
003F   0181           00118         CLRF TMR0
0040   1283 1303      00119         BANKSEL INTCON
0042   168B           00120         BSF INTCON, TMR0IE
0043   1283 1303      00121         BANKSEL PORTD
                      00122 
                      00123 
0045   0009           00124         retfie
                      00125 
                      00126 
                      00127         INCLUDE "LCDIS.INC" 
                      00001 ;       LCDIS.INC               MPB     19-12-05
                      00002 ;
                      00003 ;       Include file to operate 16x2 LCD display
                      00004 ;       Uses GPR 70 - 75
                      00005 ;       
                      00006 ;       Final version
                      00007 ;-------------------------------------------------------------------------------------------
                      00008 
  00000070            00009 Timer1  EQU     70              ; 1ms count register
  00000071            00010 TimerX  EQU     71              ; Xms count register
  00000072            00011 Var     EQU     72              ; Output variable
  00000073            00012 Point   EQU     73              ; Program table pointer
  00000074            00013 Select  EQU     74              ; Used to set or clear RS bit
  00000075            00014 OutCod  EQU     75              ; Temp store for output code
                      00015 
  00000001            00016 RS      EQU     1               ; Register select output bit
  00000002            00017 E       EQU     2               ; Enable output clocks display input
                      00018 
                      00019 
                      00020 ;--------------------------------------------------------------------------------------------   
                      00021 ;       1ms delay with 1us cycle time (1000 cycles) assuming 4MHZ oscillator
                      00022 ;--------------------------------------------------------------------------------------------   
MPASM  5.50                          RXTX.ASM   2-15-2024  9:55:04         PAGE  4


LOC  OBJECT CODE     LINE SOURCE TEXT
  VALUE

0046   0000           00023 onems   nop
0047   30F9           00024                 MOVLW   D'249'          ; Count for 1ms delay ==> 1 + 1 + 1 + 248 * (1 + 1 + 2) + 1 + 2 
                            + 2 = 
0048   00F0           00025                 MOVWF   Timer1          ; Load count
0049   0000           00026 loop1   NOP                     ; Pad for 4 cycle loop
Message[305]: Using default destination of 1 (file).
004A   0BF0           00027                 DECFSZ  Timer1          ; Count
004B   2849           00028                 GOTO    loop1           ; until Z
004C   0008           00029                 RETURN                  ; and finish
                      00030 
                      00031 ;---------------------------------------------------------------------------------------------  
                      00032 ;       Delay Xms
                      00033 ;       Receives count in W, uses Onems
                      00034 ;---------------------------------------------------------------------------------------------  
004D   00F1           00035 xms             MOVWF   TimerX          ; Count for X ms
004E   2046           00036 loopX   CALL    onems           ; Delay 1ms
Message[305]: Using default destination of 1 (file).
004F   0BF1           00037                 DECFSZ  TimerX          ; Repeat X times 
0050   284E           00038                 GOTO    loopX           ; until Z
0051   0008           00039                 RETURN                  ; and finish
                      00040 
                      00041 
                      00042 ;---------------------------------------------------------------------------------------------  
                      00043 ;       Generate data/command clock siganl E
                      00044 ;---------------------------------------------------------------------------------------------  
0052   1508           00045 pulseE  BSF     PORTD,E         ; Set E high
0053   2046           00046         CALL    onems           ; Delay 1ms
0054   1108           00047         BCF     PORTD,E         ; Reset E low
0055   2046           00048         CALL    onems           ; Delay 1ms
0056   0008           00049         RETURN                  ; done
                      00050 
                      00051 ;---------------------------------------------------------------------------------------------  
                      00052 ;       Send a command byte in two nibbles from RB4 - RB7
                      00053 ;       Receives command in W, uses PulseE and Onems
                      00054 ;---------------------------------------------------------------------------------------------  
0057   00F5           00055 send    MOVWF   OutCod          ; Store output code
0058   39F0           00056         ANDLW   0F0             ; Clear low nybble
0059   0088           00057         MOVWF   PORTD           ; Output high nybble
005A   18F4           00058         BTFSC   Select,RS       ; Test RS bit
005B   1488           00059         BSF     PORTD,RS        ; and set for data
005C   2052           00060         CALL    pulseE          ; and clock display register
005D   2046           00061         CALL    onems           ; wait 1ms for display to complete
                      00062 
Message[305]: Using default destination of 1 (file).
005E   0EF5           00063         SWAPF   OutCod          ; Swap low and high nybbles 
005F   0875           00064         MOVF    OutCod,W        ; Retrieve output code
0060   39F0           00065         ANDLW   0F0             ; Clear low nybble
0061   0088           00066         MOVWF   PORTD           ; Output low nybble
0062   18F4           00067         BTFSC   Select,RS       ; Test RS bit
0063   1488           00068         BSF     PORTD,RS        ; and set for data
0064   2052           00069         CALL    pulseE          ; and clock display register
0065   2046           00070         CALL    onems           ; wait 1ms for display to complete
0066   0008           00071         RETURN                  ; done
MPASM  5.50                          RXTX.ASM   2-15-2024  9:55:04         PAGE  5


LOC  OBJECT CODE     LINE SOURCE TEXT
  VALUE

                      00072 
                      00073 ;---------------------------------------------------------------------------------------------  
                      00074 ;       Initialise the display
                      00075 ;       Uses Send
                      00076 ;---------------------------------------------------------------------------------------------  
0067   3064           00077 inid    MOVLW   D'100'          ; Load count for 100ms delay
0068   204D           00078         CALL    xms             ; and wait for display start
0069   30F0           00079         MOVLW   0F0             ; Mask for select code
006A   00F4           00080         MOVWF   Select          ; High nybble not masked
                      00081 
006B   3030           00082         MOVLW   0x30            ; Load initial nibble
006C   0088           00083         MOVWF   PORTD           ; and output it to display
006D   2052           00084         CALL    pulseE          ; Latch initial code
006E   3005           00085         MOVLW   D'5'            ; Set delay 5ms
006F   204D           00086         CALL    xms             ; and wait
0070   2052           00087         CALL    pulseE          ; Latch initial code again
0071   2046           00088         CALL    onems           ; Wait 1ms
0072   2052           00089         CALL    pulseE          ; Latch initial code again
0073   1208           00090         BCF     PORTD,4         ; Set 4-bit mode
0074   2052           00091         CALL    pulseE          ; Latch it
                      00092         
0075   3028           00093         MOVLW   0x28            ; Set 4-bit mode, 2 lines
0076   2057           00094         CALL    send            ; and send code
0077   3008           00095         MOVLW   0x08            ; Switch off display
0078   2057           00096         CALL    send            ; and send code
0079   3001           00097         MOVLW   0x01            ; Code to clear display
007A   2057           00098         CALL    send            ; and send code
007B   3006           00099         MOVLW   0x06            ; Enable cursor auto inc  
007C   2057           00100         CALL    send            ; and send code
007D   3080           00101         MOVLW   0x80            ; Zero display address
007E   2057           00102         CALL    send            ; and send code
007F   300C           00103         MOVLW   0x0C            ; Turn on display  
0080   2057           00104         CALL    send            ; and send code
                      00105 
0081   0008           00106         RETURN                  ; Done
                      00128 ; The main code for our program
0082                  00129 start:
                      00130 
0082   21E0           00131         CALL welcomeString
0083   204D           00132         CALL xms
0084   204D           00133         CALL xms
0085   204D           00134         CALL xms
0086   204D           00135         CALL xms
                      00136 
0087   21E0           00137         CALL welcomeString
0088   204D           00138         CALL xms
0089   204D           00139         CALL xms
008A   204D           00140         CALL xms
008B   204D           00141         CALL xms
                      00142 
008C   21E0           00143         CALL welcomeString
008D   204D           00144         CALL xms
008E   204D           00145         CALL xms
MPASM  5.50                          RXTX.ASM   2-15-2024  9:55:04         PAGE  6


LOC  OBJECT CODE     LINE SOURCE TEXT
  VALUE

008F   204D           00146         CALL xms
0090   204D           00147         CALL xms
0091   204D           00148         CALL xms
0092                  00149 BeginEntering
0092   2217           00150         CALL Number1String
0093   10F4           00151         BCF Select,RS
0094   300F           00152         MOVLW 0x0F
0095   2057           00153         CALL send 
0096   14F4           00154         BSF Select,RS
0097                  00155 Number1:
0097   14F4           00156         BSF Select,RS
0098   3030           00157         MOVLW '0'
0099   2057           00158         CALL send
009A   3030           00159         MOVLW '0'
009B   2057           00160         CALL send
                      00161 
009C   1283 1303      00162         BANKSEL INTCON
009E   168B           00163         BSF INTCON, TMR0IE  ; set the Timer0 enable
009F   1283 1303      00164         BANKSEL TMR0
00A1   0181           00165         CLRF TMR0
00A2   1683 1303      00166         BANKSEL OPTION_REG 
00A4   3005           00167         MOVLW b'00000101' ; pre-sclae 1:64 for timer0
Message[302]: Register in operand not in bank 0.  Ensure that bank bits are correct.
00A5   0081           00168         MOVWF OPTION_REG ; store the previous vlaue in optreg.
00A6   1283 1303      00169         BANKSEL PORTD
                      00170 
                      00171 ; -------------------------- Number 1 Turn ------------------------------;
00A8                  00172 SetCursorNum1Tens:
00A8   10F4           00173         BCF Select,RS
00A9   30C0           00174         MOVLW 0xC0
00AA   2057           00175         CALL send
00AB   14F4           00176         BSF Select,RS
00AC                  00177 ENTERNumber1Tens:
00AC   1BA6           00178         BTFSC count,7
00AD   28C0           00179         GOTO SetCursorNum1Ones
00AE   1806           00180         BTFSC PORTB,0
00AF   28AC           00181         GOTO ENTERNumber1Tens
00B0   204D           00182         CALL xms
00B1   204D           00183         CALL xms
00B2   1C06           00184         BTFSS PORTB,0
00B3   28AC           00185         GOTO ENTERNumber1Tens
                      00186         
00B4                  00187 INCREMENTTENS:
00B4   2170           00188         CALL resetTimer0
Message[305]: Using default destination of 1 (file).
00B5   0AA2           00189         INCF tensTemp
00B6   14F4           00190         BSF Select,RS
                      00191 
00B7                  00192 MAXNine:
00B7   0822           00193         MOVFW tensTemp
00B8   3C09           00194         SUBLW D'9'
00B9   1C03           00195         BTFSS STATUS,C
00BA   01A2           00196         CLRF tensTemp
MPASM  5.50                          RXTX.ASM   2-15-2024  9:55:04         PAGE  7


LOC  OBJECT CODE     LINE SOURCE TEXT
  VALUE

                      00197 
00BB   14F4           00198         BSF Select,RS
00BC   0822           00199         MOVFW tensTemp
00BD   3E30           00200         ADDLW D'48'
                      00201         
00BE   2057           00202         CALL send
00BF   28A8           00203         GOTO SetCursorNum1Tens
                      00204 
00C0                  00205 SetCursorNum1Ones:
00C0   2170           00206         CALL resetTimer0
00C1   10F4           00207         BCF Select,RS
00C2   30C1           00208         MOVLW 0xC1
00C3   2057           00209         CALL send 
00C4   14F4           00210         BSF Select,RS
00C5                  00211 ENTERNumber1Ones:
00C5   1BA6           00212         BTFSC count,7
00C6   28D9           00213         GOTO MulSign ; go to put the operation cuz it passed 2 seconds.
00C7   1806           00214         BTFSC PORTB,0
00C8   28C5           00215         GOTO ENTERNumber1Ones
00C9   204D           00216         CALL xms
00CA   204D           00217         CALL xms
00CB   1C06           00218         BTFSS PORTB,0
00CC   28C5           00219         GOTO ENTERNumber1Ones
                      00220         
00CD                  00221 INCREMENTONES:
00CD   2170           00222         CALL resetTimer0
Message[305]: Using default destination of 1 (file).
00CE   0AA3           00223         INCF onesTemp
00CF   14F4           00224         BSF Select,RS
                      00225 
00D0                  00226 MAXNineOne:
00D0   0823           00227         MOVFW onesTemp
00D1   3C09           00228         SUBLW D'9'
00D2   1C03           00229         BTFSS STATUS,C
00D3   01A3           00230         CLRF onesTemp
                      00231 
00D4   14F4           00232         BSF Select,RS
00D5   0823           00233         MOVFW onesTemp
00D6   3E30           00234         ADDLW D'48'
                      00235         
00D7   2057           00236         CALL send
00D8   28C0           00237         GOTO SetCursorNum1Ones
                      00238 
                      00239 ;------------------ MUL SIGN --------------------------------;
                      00240 
00D9                  00241 MulSign:
00D9   2170           00242         CALL resetTimer0
00DA   10F4           00243         BCF Select,RS
00DB   30C2           00244         MOVLW 0xC2
00DC   2057           00245         CALL send 
00DD   14F4           00246         BSF Select,RS
00DE   3078           00247         MOVLW 'x'
00DF   2057           00248         CALL send
MPASM  5.50                          RXTX.ASM   2-15-2024  9:55:04         PAGE  8


LOC  OBJECT CODE     LINE SOURCE TEXT
  VALUE

00E0   3030           00249         MOVLW '0'
00E1   2057           00250         CALL send
00E2   3030           00251         MOVLW '0'
00E3   2057           00252         CALL send
00E4   10F4           00253         BCF Select,RS
00E5   3087           00254         MOVLW 0x87
00E6   2057           00255         CALL send
00E7   14F4           00256         BSF Select,RS
00E8   3032           00257         MOVLW '2'
00E9   2057           00258         CALL send
00EA   10F4           00259         BCF Select,RS
00EB   30C2           00260         MOVLW 0xC2
00EC   2057           00261         CALL send
00ED   28EE           00262         GOTO SetCursorNum2Tens
                      00263 
                      00264 ; ------------- Second Number Turn ;--------------------------
                      00265 
00EE                  00266 SetCursorNum2Tens:
00EE   2170           00267         CALL resetTimer0
00EF   10F4           00268         BCF Select,RS
00F0   30C3           00269         MOVLW 0xC3
00F1   2057           00270         CALL send
00F2   14F4           00271         BSF Select,RS
00F3                  00272 ENTERNumber2Tens:
00F3   1BA6           00273         BTFSC count,7
00F4   2907           00274         GOTO SetCursorNum2Ones
00F5   1806           00275         BTFSC PORTB,0
00F6   28F3           00276         GOTO ENTERNumber2Tens
00F7   204D           00277         CALL xms
00F8   204D           00278         CALL xms
00F9   1C06           00279         BTFSS PORTB,0
00FA   28F3           00280         GOTO ENTERNumber2Tens
                      00281         
00FB                  00282 INCREMENTTENS2:
00FB   2170           00283         CALL resetTimer0
Message[305]: Using default destination of 1 (file).
00FC   0AA4           00284         INCF tensTemp2
00FD   14F4           00285         BSF Select,RS
                      00286 
00FE                  00287 MAXNine2:
00FE   0824           00288         MOVFW tensTemp2
00FF   3C09           00289         SUBLW D'9'
0100   1C03           00290         BTFSS STATUS,C
0101   01A4           00291         CLRF tensTemp2
                      00292 
0102   14F4           00293         BSF Select,RS
0103   0824           00294         MOVFW tensTemp2
0104   3E30           00295         ADDLW D'48'
                      00296         
0105   2057           00297         CALL send
0106   28EE           00298         GOTO SetCursorNum2Tens
                      00299 
                      00300 
MPASM  5.50                          RXTX.ASM   2-15-2024  9:55:04         PAGE  9


LOC  OBJECT CODE     LINE SOURCE TEXT
  VALUE

0107                  00301 SetCursorNum2Ones:
0107   2170           00302         CALL resetTimer0
0108   10F4           00303         BCF Select,RS
0109   30C4           00304         MOVLW 0xC4
010A   2057           00305         CALL send 
010B   14F4           00306         BSF Select,RS
010C                  00307 ENTERNumber2Ones:
010C   1BA6           00308         BTFSC count,7
010D   2920           00309         GOTO  EqualSign ; go to put do the calculation process.
010E   1806           00310         BTFSC PORTB,0
010F   290C           00311         GOTO ENTERNumber2Ones
0110   204D           00312         CALL xms
0111   204D           00313         CALL xms
0112   1C06           00314         BTFSS PORTB,0
0113   290C           00315         GOTO ENTERNumber2Ones
                      00316         
0114                  00317 INCREMENTONES2:
0114   2170           00318         CALL resetTimer0
Message[305]: Using default destination of 1 (file).
0115   0AA5           00319         INCF onesTemp2
0116   14F4           00320         BSF Select,RS
                      00321 
0117                  00322 MAXNineOne2:
0117   0825           00323         MOVFW onesTemp2
0118   3C09           00324         SUBLW D'9'
0119   1C03           00325         BTFSS STATUS,C
011A   01A5           00326         CLRF onesTemp2
011B   14F4           00327         BSF Select,RS
011C   0825           00328         MOVFW onesTemp2
011D   3E30           00329         ADDLW D'48'
                      00330         
011E   2057           00331         CALL send
011F   2907           00332         GOTO SetCursorNum2Ones
                      00333 
                      00334 
                      00335 ; ----------------- EQUAL SIGN -------------------------------;
0120                  00336 EqualSign:
0120   2170           00337         CALL resetTimer0
0121   10F4           00338         BCF Select,RS
0122   30C5           00339         MOVLW 0xC5 
0123   2057           00340         CALL send
0124   14F4           00341         BSF Select,RS
0125   303D           00342         MOVLW '='
0126   2057           00343         CALL send
                      00344 
                      00345 ;-----------------------------------Concatination of Number 1------------------------;
                      00346 
0127                  00347 Num1Concat:
0127   1103           00348         BCF STATUS,Z
0128   0822           00349         MOVFW tensTemp
0129   00A9           00350         MOVWF RtensTemp
012A   0822           00351         MOVFW tensTemp
012B                  00352 MulLoop:
MPASM  5.50                          RXTX.ASM   2-15-2024  9:55:04         PAGE 10


LOC  OBJECT CODE     LINE SOURCE TEXT
  VALUE

012B   07A2           00353         ADDWF tensTemp,F
Message[305]: Using default destination of 1 (file).
012C   0BA7           00354         DECFSZ tenTimes
012D   292B           00355         GOTO MulLoop 
                      00356         ; here the tens digit now multiplied by 10 and stored at the same register
                      00357 ; now we must add the ones to the result number: 
                      00358 
012E   0823           00359         MOVFW onesTemp
Message[305]: Using default destination of 1 (file).
012F   07A2           00360         ADDWF tensTemp
                      00361 
0130   0822           00362         MOVFW tensTemp;number1
0131   0099           00363         MOVWF TXREG
0132   21CF           00364         CALL TRANSMIT
0133   0825           00365         MOVFW onesTemp2;ones for number 2
0134   0099           00366         MOVWF TXREG
0135   21CF           00367         CALL TRANSMIT
                      00368 
                      00369 
                      00370 ;----------------------------MUL Number1 * Tens of number2------------------------
0136                  00371 MullPIC1
0136   0824           00372         MOVFW tensTemp2
0137   00B0           00373         MOVWF RtensTemp2
0138   1103           00374         BCF STATUS,Z
0139   3000           00375         MOVLW D'0'
013A   0623           00376         XORWF onesTemp,W
013B   1903           00377         BTFSC STATUS,Z
013C   294E           00378         GOTO DigitIsZero
013D   0823           00379         MOVFW onesTemp
013E   01A3           00380         CLRF onesTemp
013F                  00381 MullOnesLoop
013F   07A3           00382         ADDWF onesTemp,F
Message[305]: Using default destination of 1 (file).
0140   0BB0           00383         DECFSZ RtensTemp2
0141   293F           00384         GOTO MullOnesLoop
0142                  00385 CarryLoop
0142   300A           00386         MOVLW D'10'
Message[305]: Using default destination of 1 (file).
0143   02A3           00387         SUBWF onesTemp
0144   1C03           00388         BTFSS STATUS,C
0145   2948           00389         GOTO digitOnes
Message[305]: Using default destination of 1 (file).
0146   0AB1           00390         INCF CarryCount
0147   2942           00391         GOTO CarryLoop
0148                  00392 digitOnes
                      00393         ;REMOVE -
0148   0823           00394         MOVFW onesTemp
0149   3E0A           00395         ADDLW D'10'
014A   00A3           00396         MOVWF onesTemp
014B   0823           00397         MOVFW onesTemp
014C   00B2           00398         MOVWF ResultL
014D   2950           00399         GOTO MullTenLoop
                      00400 
MPASM  5.50                          RXTX.ASM   2-15-2024  9:55:04         PAGE 11


LOC  OBJECT CODE     LINE SOURCE TEXT
  VALUE

014E                  00401 DigitIsZero
014E   01B2           00402         CLRF ResultL
014F   01B1           00403         CLRF CarryCount
0150                  00404 MullTenLoop
0150   0829           00405         MOVFW RtensTemp
0151   07B3           00406         ADDWF ResultH,F
0152   0833           00407         MOVFW ResultH
                      00408 
Message[305]: Using default destination of 1 (file).
0153   0BA4           00409         DECFSZ tensTemp2
0154   2950           00410         GOTO MullTenLoop
0155   0831           00411         MOVFW CarryCount
0156   07B3           00412         ADDWF ResultH,F
                      00413 
0157   217B           00414         CALL RXCHECK
                      00415 
0158   14F4           00416         BSF Select,RS
0159   0833           00417         MOVFW ResultH
015A   3E30           00418         ADDLW D'48'
015B   2057           00419         CALL send
015C   0832           00420         MOVFW ResultL
015D   3E30           00421         ADDLW D'48'
015E   2057           00422         CALL send
                      00423         
                      00424 
                      00425 ; ---------- Function to separate the First Number into tens, and ones to preview it ---------;
015F                  00426 SepNumber1H:
015F   1103           00427         BCF STATUS,Z
0160   01A7           00428         CLRF tenTimes
0161   01A8           00429         CLRF onesTimes
0162                  00430 num1Separate:
0162   300A           00431         MOVLW D'10'
Message[305]: Using default destination of 1 (file).
0163   02B6           00432         SUBWF ResultH2
Message[305]: Using default destination of 1 (file).
0164   0AA7           00433         INCF tenTimes
0165   1803           00434         BTFSC STATUS,C
0166   2962           00435         GOTO num1Separate 
Message[305]: Using default destination of 1 (file).
0167   07B6           00436         ADDWF ResultH2
Message[305]: Using default destination of 1 (file).
0168   03A7           00437         DECF tenTimes
0169   0836           00438         MOVF ResultH2,W
016A   00A8           00439         MOVWF onesTimes
                      00440 
016B   2988           00441         GOTO backFromSep  
                      00442 
                      00443 ;------------tensTimes = tens for number2 high  , onesTimes = ones for number2 high
                      00444 
                      00445 
016C   296D           00446         GOTO loop
                      00447 
                      00448 
MPASM  5.50                          RXTX.ASM   2-15-2024  9:55:04         PAGE 12


LOC  OBJECT CODE     LINE SOURCE TEXT
  VALUE

016D                  00449 loop: 
                      00450 
016D   1C06           00451         BTFSS PORTB,0
016E   2A2D           00452         GOTO newMUL
016F   296D           00453         GOTO loop
                      00454 
                      00455 
                      00456 
                      00457 
                      00458 ; Routine for restarting the Timer0 
                      00459 
0170                  00460 resetTimer0:
0170   1283 1303      00461         BANKSEL TMR0
0172   0181           00462         CLRF TMR0
0173   01A6           00463         CLRF count
0174   1283 1303      00464         BANKSEL INTCON
0176   168B           00465         BSF INTCON, TMR0IE
0177   110B           00466         BCF INTCON, TMR0IF
0178   1283 1303      00467         BANKSEL PORTD
017A   0008           00468         RETURN
                      00469 
017B                  00470 RXCHECK:
017B   1A8C           00471         BTFSC PIR1,5
017C   2181           00472         CALL RECIVED
017D   18B4           00473         BTFSC ReciveTurn,1
017E   298E           00474         GOTO ADDITION
017F   297B           00475         GOTO RXCHECK
0180   0008           00476         RETURN
                      00477 
0181                  00478 RECIVED:
0181   081A           00479         MOVF RCREG,0
0182   1834           00480         BTFSC ReciveTurn,0
0183   2989           00481         GOTO SecondNumCame
0184   1434           00482         BSF ReciveTurn,0
0185   00B6           00483         MOVWF ResultH2
0186   1103           00484         BCF STATUS,Z
0187   295F           00485         GOTO SepNumber1H
0188                  00486 backFromSep     
0188   298C           00487         GOTO ReturnFlag
0189                  00488 SecondNumCame
0189   01B5           00489         CLRF ResultL2
018A   00B5           00490         MOVWF ResultL2
018B   14B4           00491         BSF ReciveTurn,1
                      00492 
018C                  00493 ReturnFlag
018C   128C           00494         BCF PIR1,5
018D   0008           00495         RETURN
                      00496 
018E                  00497 ADDITION
                      00498 
018E   01B1           00499         CLRF CarryCount
018F   0828           00500         MOVFW onesTimes
Message[305]: Using default destination of 1 (file).
MPASM  5.50                          RXTX.ASM   2-15-2024  9:55:04         PAGE 13


LOC  OBJECT CODE     LINE SOURCE TEXT
  VALUE

0190   07B2           00501         ADDWF ResultL  ;FINAL TENS
0191   0827           00502         MOVFW tenTimes
0192   07B3           00503         ADDWF ResultH,F ;FINAL THOUSAND AND HUNDS 
0193                  00504 tenDigitWithoutCarry
0193   300A           00505         MOVLW D'10'
0194   02B2           00506         SUBWF ResultL,F
Message[305]: Using default destination of 1 (file).
0195   0AB1           00507         INCF CarryCount
0196   1C03           00508         BTFSS STATUS,C
0197   2999           00509         GOTO DDIGIT
0198   2993           00510         GOTO tenDigitWithoutCarry
                      00511 
0199                  00512 DDIGIT
Message[305]: Using default destination of 1 (file).
0199   03B1           00513         DECF CarryCount
019A   0831           00514         MOVFW CarryCount
Message[305]: Using default destination of 1 (file).
019B   07B3           00515         ADDWF ResultH
019C   0832           00516         MOVFW ResultL
019D   3E0A           00517         ADDLW D'10'
019E   00B2           00518         MOVWF ResultL
                      00519 
019F   1103           00520         BCF STATUS,Z
01A0                  00521 THOUSAND:
01A0   300A           00522         MOVLW D'10'
Message[305]: Using default destination of 1 (file).
01A1   0AB7           00523         INCF THO
Message[305]: Using default destination of 1 (file).
01A2   02B3           00524         SUBWF ResultH
01A3   1803           00525         BTFSC STATUS,C
01A4   29A0           00526         GOTO THOUSAND
Message[305]: Using default destination of 1 (file).
01A5   07B3           00527         ADDWF ResultH
Message[305]: Using default destination of 1 (file).
01A6   03B7           00528         DECF THO
01A7   0833           00529         MOVFW ResultH
01A8   00B8           00530         MOVWF HUN
                      00531 
01A9   29AA           00532         GOTO PrintFinal 
                      00533 
                      00534 
                      00535 
01AA                  00536 PrintFinal
01AA   10F4           00537         BCF Select, RS
01AB   3080           00538         MOVLW 0x80
01AC   2057           00539         CALL send
01AD   14F4           00540         BSF Select, RS
01AE   3052           00541         MOVLW 'R'
01AF   2057           00542         CALL send
01B0   3065           00543         MOVLW 'e'
01B1   2057           00544         CALL send
01B2   3073           00545         MOVLW 's'
01B3   2057           00546         CALL send
MPASM  5.50                          RXTX.ASM   2-15-2024  9:55:04         PAGE 14


LOC  OBJECT CODE     LINE SOURCE TEXT
  VALUE

01B4   3075           00547         MOVLW 'u'
01B5   2057           00548         CALL send
01B6   306C           00549         MOVLW 'l'
01B7   2057           00550         CALL send
01B8   3074           00551         MOVLW 't'
01B9   2057           00552         CALL send
01BA   3020           00553         MOVLW ' '
01BB   2057           00554         CALL send
01BC   3020           00555         MOVLW ' '
01BD   2057           00556         CALL send
01BE   10F4           00557         BCF Select, RS
01BF   30C6           00558         MOVLW 0xC6
01C0   2057           00559         CALL send
01C1   14F4           00560         BSF Select,RS
01C2   0837           00561         MOVFW THO ;FINAL THOUSAND 
01C3   3E30           00562         ADDLW D'48'
01C4   2057           00563         CALL send
01C5   0838           00564         MOVFW HUN ;FINAL HUN
01C6   3E30           00565         ADDLW D'48'
01C7   2057           00566         CALL send
01C8   0832           00567         MOVFW ResultL  ;FINAL TENS 
01C9   3E30           00568         ADDLW D'48'
01CA   2057           00569         CALL send
01CB   0835           00570         MOVFW ResultL2 ;final one
01CC   3E30           00571         ADDLW D'48'
01CD   2057           00572         CALL send
01CE   296D           00573         GOTO loop
                      00574 
                      00575         
                      00576 
01CF                  00577 TRANSMIT:
01CF   1E0C           00578         BTFSS PIR1,4
01D0   29CF           00579         GOTO TRANSMIT
01D1   0008           00580         RETURN
                      00581 
01D2                  00582 TIMERINT:
01D2   1283 1303      00583         BANKSEL INTCON
01D4   120B           00584         BCF INTCON, INTE
01D5   108B           00585         BCF INTCON, INTF
01D6   14F4           00586         BSF Select,RS
01D7   3048           00587         MOVLW 'H'
01D8   2057           00588         CALL send
01D9   1283 1303      00589         BANKSEL PIR1
01DB   110C           00590         BCF PIR1,2
01DC   1683 1303      00591         BANKSEL PIE1
Message[302]: Register in operand not in bank 0.  Ensure that bank bits are correct.
01DE   110C           00592         BCF PIE1,2
                      00593 
01DF   283D           00594         GOTO BACK
                      00595 
01E0                  00596 welcomeString:
01E0   2067           00597         CALL inid
01E1   14F4           00598         BSF Select,RS
MPASM  5.50                          RXTX.ASM   2-15-2024  9:55:04         PAGE 15


LOC  OBJECT CODE     LINE SOURCE TEXT
  VALUE

01E2   3057           00599         MOVLW 'W'
01E3   2057           00600         CALL send
01E4   3065           00601         MOVLW 'e'
01E5   2057           00602         CALL send
01E6   306C           00603         MOVLW 'l'
01E7   2057           00604         CALL send
01E8   3063           00605         MOVLW 'c'
01E9   2057           00606         CALL send
01EA   306F           00607         MOVLW 'o'
01EB   2057           00608         CALL send
01EC   306D           00609         MOVLW 'm'
01ED   2057           00610         CALL send
01EE   3065           00611         MOVLW 'e'
01EF   2057           00612         CALL send
01F0   3020           00613         MOVLW ' '
01F1   2057           00614         CALL send
01F2   3074           00615         MOVLW 't'
01F3   2057           00616         CALL send
01F4   306F           00617         MOVLW 'o'
01F5   2057           00618         CALL send
01F6   10F4           00619         BCF Select,RS
01F7   30C0           00620         MOVLW 0xC0
01F8   2057           00621         CALL send
01F9   14F4           00622         BSF Select,RS
01FA   304D           00623         MOVLW 'M'
01FB   2057           00624         CALL send
01FC   3075           00625         MOVLW 'u'
01FD   2057           00626         CALL send
01FE   306C           00627         MOVLW 'l'
01FF   2057           00628         CALL send
0200   3074           00629         MOVLW 't'
0201   2057           00630         CALL send
0202   3069           00631         MOVLW 'i'
0203   2057           00632         CALL send
0204   3070           00633         MOVLW 'p'
0205   2057           00634         CALL send
0206   306C           00635         MOVLW 'l'
0207   2057           00636         CALL send
0208   3069           00637         MOVLW 'i'
0209   2057           00638         CALL send 
020A   3063           00639         MOVLW 'c'
020B   2057           00640         CALL send 
020C   3061           00641         MOVLW 'a'
020D   2057           00642         CALL send
020E   3074           00643         MOVLW 't'
020F   2057           00644         CALL send
0210   3069           00645         MOVLW 'i'
0211   2057           00646         CALL send
0212   306F           00647         MOVLW 'o'
0213   2057           00648         CALL send 
0214   306E           00649         MOVLW 'n'
0215   2057           00650         CALL send 
0216   0008           00651         RETURN
MPASM  5.50                          RXTX.ASM   2-15-2024  9:55:04         PAGE 16


LOC  OBJECT CODE     LINE SOURCE TEXT
  VALUE

0217                  00652 Number1String:
0217   2067           00653         CALL inid
0218   14F4           00654         BSF Select,RS
0219   304E           00655         MOVLW 'N'
021A   2057           00656         CALL send
021B   3075           00657         MOVLW 'u'
021C   2057           00658         CALL send
021D   306D           00659         MOVLW 'm'
021E   2057           00660         CALL send
021F   3062           00661         MOVLW 'b'
0220   2057           00662         CALL send
0221   3065           00663         MOVLW 'e'
0222   2057           00664         CALL send
0223   3072           00665         MOVLW 'r'
0224   2057           00666         CALL send
0225   3020           00667         MOVLW ' '
0226   2057           00668         CALL send
0227   3031           00669         MOVLW '1'
0228   2057           00670         CALL send
0229   10F4           00671         BCF Select,RS
022A   30C0           00672         MOVLW 0xC0
022B   2057           00673         CALL send
022C   0008           00674         RETURN
                      00675         
                      00676 
022D                  00677 newMUL
022D   01A9           00678         CLRF RtensTemp
022E   01A2           00679         CLRF tensTemp 
022F   01A3           00680         CLRF onesTemp 
0230   01A4           00681         CLRF tensTemp2 
0231   01A5           00682         CLRF onesTemp2
0232   01B0           00683         CLRF RtensTemp2
0233   01B1           00684         CLRF CarryCount
0234   01B2           00685         CLRF ResultL
0235   01B3           00686         CLRF ResultH
0236   01B5           00687         CLRF ResultL2
0237   01B6           00688         CLRF ResultH2
0238   01B4           00689         CLRF ReciveTurn
0239   01B7           00690         CLRF THO
023A   01B8           00691         CLRF HUN
023B   3009           00692         MOVLW D'9'
023C   00A7           00693         MOVWF tenTimes 
023D   01A6           00694         CLRF count 
                      00695 
023E   1103           00696         BCF STATUS,Z
                      00697 
023F   1283 1303      00698         BANKSEL INTCON
0241   178B           00699         BSF INTCON, GIE ; set Global interrupt
                      00700 
                      00701         
                      00702         
0242   1283 1303      00703         BANKSEL PORTD
0244   2067           00704         CALL inid
MPASM  5.50                          RXTX.ASM   2-15-2024  9:55:04         PAGE 17


LOC  OBJECT CODE     LINE SOURCE TEXT
  VALUE

                      00705         
                      00706 ; ------------- This is for the RX/TX configuration (commmunication between pics --------------------;  
0245   1303           00707         BCF STATUS,6
0246   1683           00708         BSF STATUS,5
                      00709         
Message[302]: Register in operand not in bank 0.  Ensure that bank bits are correct.
0247   1307           00710         BCF TRISC,6
Message[302]: Register in operand not in bank 0.  Ensure that bank bits are correct.
0248   1787           00711         BSF TRISC,7
                      00712 
0249   3020           00713         MOVLW b'00100000'
Message[302]: Register in operand not in bank 0.  Ensure that bank bits are correct.
024A   0098           00714         MOVWF TXSTA
                      00715         
024B   1303           00716         BCF STATUS,6
024C   1283           00717         BCF STATUS,5
                      00718         
024D   3090           00719         MOVLW b'10010000'
024E   0098           00720         MOVWF RCSTA
                      00721         
024F   1303           00722         BCF STATUS,6
0250   1683           00723         BSF STATUS,5
0251   301F           00724         MOVLW d'31'
Message[302]: Register in operand not in bank 0.  Ensure that bank bits are correct.
0252   0099           00725         MOVWF SPBRG
                      00726 ; -------------- The end of RX/TX configuration ------------------------------------------;
                      00727 
0253   1283 1303      00728         BANKSEL PORTD ; go to bank 0 to make the lcd run.
0255   2892           00729         GOTO BeginEntering      
                      00730 
                      00731 
                      00732 
                      00733         END
MPASM  5.50                          RXTX.ASM   2-15-2024  9:55:04         PAGE 18


SYMBOL TABLE
  LABEL                             VALUE 

ACKDT                             00000005
ACKEN                             00000004
ACKSTAT                           00000006
ADCON0                            0000001F
ADCON1                            0000009F
ADCS0                             00000006
ADCS1                             00000007
ADDEN                             00000003
ADDITION                          0000018E
ADFM                              00000007
ADIE                              00000006
ADIF                              00000006
ADON                              00000000
ADRESH                            0000001E
ADRESL                            0000009E
BACK                              0000003D
BCLIE                             00000003
BCLIF                             00000003
BF                                00000000
BRGH                              00000002
BeginEntering                     00000092
C                                 00000000
C1INV                             00000004
C1OUT                             00000006
C2INV                             00000005
C2OUT                             00000007
CCP1CON                           00000017
CCP1IE                            00000002
CCP1IF                            00000002
CCP1M0                            00000000
CCP1M1                            00000001
CCP1M2                            00000002
CCP1M3                            00000003
CCP1X                             00000005
CCP1Y                             00000004
CCP2CON                           0000001D
CCP2IE                            00000000
CCP2IF                            00000000
CCP2M0                            00000000
CCP2M1                            00000001
CCP2M2                            00000002
CCP2M3                            00000003
CCP2X                             00000005
CCP2Y                             00000004
CCPR1H                            00000016
CCPR1L                            00000015
CCPR2H                            0000001C
CCPR2L                            0000001B
CHS0                              00000003
CHS1                              00000004
CHS2                              00000005
CIS                               00000003
CKE                               00000006
MPASM  5.50                          RXTX.ASM   2-15-2024  9:55:04         PAGE 19


SYMBOL TABLE
  LABEL                             VALUE 

CKP                               00000004
CM0                               00000000
CM1                               00000001
CM2                               00000002
CMCON                             0000009C
CMIE                              00000006
CMIF                              00000006
CREN                              00000004
CSRC                              00000007
CVR0                              00000000
CVR1                              00000001
CVR2                              00000002
CVR3                              00000003
CVRCON                            0000009D
CVREN                             00000007
CVROE                             00000006
CVRR                              00000005
CarryCount                        00000031
CarryLoop                         00000142
Char                              00000021
D                                 00000005
DATA_ADDRESS                      00000005
DC                                00000001
DDIGIT                            00000199
D_A                               00000005
DigitIsZero                       0000014E
E                                 00000002
EEADR                             0000010D
EEADRH                            0000010F
EECON1                            0000018C
EECON2                            0000018D
EEDATA                            0000010C
EEDATH                            0000010E
EEIE                              00000004
EEIF                              00000004
EEPGD                             00000007
ENTERNumber1Ones                  000000C5
ENTERNumber1Tens                  000000AC
ENTERNumber2Ones                  0000010C
ENTERNumber2Tens                  000000F3
EqualSign                         00000120
F                                 00000001
FERR                              00000002
FSR                               00000004
GCEN                              00000007
GIE                               00000007
GO                                00000002
GO_DONE                           00000002
HUN                               00000038
I2C_DATA                          00000005
I2C_READ                          00000002
I2C_START                         00000003
I2C_STOP                          00000004
MPASM  5.50                          RXTX.ASM   2-15-2024  9:55:04         PAGE 20


SYMBOL TABLE
  LABEL                             VALUE 

IBF                               00000007
IBOV                              00000005
INCREMENTONES                     000000CD
INCREMENTONES2                    00000114
INCREMENTTENS                     000000B4
INCREMENTTENS2                    000000FB
INDF                              00000000
INTCON                            0000000B
INTE                              00000004
INTEDG                            00000006
INTF                              00000001
IRP                               00000007
ISR                               00000036
MAXNine                           000000B7
MAXNine2                          000000FE
MAXNineOne                        000000D0
MAXNineOne2                       00000117
MulLoop                           0000012B
MulSign                           000000D9
MullOnesLoop                      0000013F
MullPIC1                          00000136
MullTenLoop                       00000150
NOT_A                             00000005
NOT_ADDRESS                       00000005
NOT_BO                            00000000
NOT_BOR                           00000000
NOT_DONE                          00000002
NOT_PD                            00000003
NOT_POR                           00000001
NOT_RBPU                          00000007
NOT_RC8                           00000006
NOT_T1SYNC                        00000002
NOT_TO                            00000004
NOT_TX8                           00000006
NOT_W                             00000002
NOT_WRITE                         00000002
Num1Concat                        00000127
Number1                           00000097
Number1String                     00000217
OBF                               00000006
OERR                              00000001
OPTION_REG                        00000081
OutCod                            00000075
P                                 00000004
PCFG0                             00000000
PCFG1                             00000001
PCFG2                             00000002
PCFG3                             00000003
PCL                               00000002
PCLATH                            0000000A
PCON                              0000008E
PEIE                              00000006
PEN                               00000002
MPASM  5.50                          RXTX.ASM   2-15-2024  9:55:04         PAGE 21


SYMBOL TABLE
  LABEL                             VALUE 

PIE1                              0000008C
PIE2                              0000008D
PIR1                              0000000C
PIR2                              0000000D
PORTA                             00000005
PORTB                             00000006
PORTC                             00000007
PORTD                             00000008
PORTE                             00000009
PR2                               00000092
PS0                               00000000
PS1                               00000001
PS2                               00000002
PSA                               00000003
PSPIE                             00000007
PSPIF                             00000007
PSPMODE                           00000004
Point                             00000073
PrintFinal                        000001AA
R                                 00000002
RBIE                              00000003
RBIF                              00000000
RC8_9                             00000006
RC9                               00000006
RCD8                              00000000
RCEN                              00000003
RCIE                              00000005
RCIF                              00000005
RCREG                             0000001A
RCSTA                             00000018
RD                                00000000
READ_WRITE                        00000002
RECIVED                           00000181
RP0                               00000005
RP1                               00000006
RS                                00000001
RSEN                              00000001
RX9                               00000006
RX9D                              00000000
RXCHECK                           0000017B
R_W                               00000002
ReciveTurn                        00000034
ResultH                           00000033
ResultH2                          00000036
ResultL                           00000032
ResultL2                          00000035
ReturnFlag                        0000018C
RtensTemp                         00000029
RtensTemp2                        00000030
S                                 00000003
SEN                               00000000
SMP                               00000007
SPBRG                             00000099
MPASM  5.50                          RXTX.ASM   2-15-2024  9:55:04         PAGE 22


SYMBOL TABLE
  LABEL                             VALUE 

SPEN                              00000007
SREN                              00000005
SSPADD                            00000093
SSPBUF                            00000013
SSPCON                            00000014
SSPCON2                           00000091
SSPEN                             00000005
SSPIE                             00000003
SSPIF                             00000003
SSPM0                             00000000
SSPM1                             00000001
SSPM2                             00000002
SSPM3                             00000003
SSPOV                             00000006
SSPSTAT                           00000094
STATUS                            00000003
SYNC                              00000004
SecondNumCame                     00000189
Select                            00000074
SepNumber1H                       0000015F
SetCursorNum1Ones                 000000C0
SetCursorNum1Tens                 000000A8
SetCursorNum2Ones                 00000107
SetCursorNum2Tens                 000000EE
T0CS                              00000005
T0IE                              00000005
T0IF                              00000002
T0SE                              00000004
T1CKPS0                           00000004
T1CKPS1                           00000005
T1CON                             00000010
T1INSYNC                          00000002
T1OSCEN                           00000003
T1SYNC                            00000002
T2CKPS0                           00000000
T2CKPS1                           00000001
T2CON                             00000012
THO                               00000037
THOUSAND                          000001A0
TIMERINT                          000001D2
TMR0                              00000001
TMR0IE                            00000005
TMR0IF                            00000002
TMR1CS                            00000001
TMR1H                             0000000F
TMR1IE                            00000000
TMR1IF                            00000000
TMR1L                             0000000E
TMR1ON                            00000000
TMR2                              00000011
TMR2IE                            00000001
TMR2IF                            00000001
TMR2ON                            00000002
MPASM  5.50                          RXTX.ASM   2-15-2024  9:55:04         PAGE 23


SYMBOL TABLE
  LABEL                             VALUE 

TOUTPS0                           00000003
TOUTPS1                           00000004
TOUTPS2                           00000005
TOUTPS3                           00000006
TRANSMIT                          000001CF
TRISA                             00000085
TRISB                             00000086
TRISC                             00000087
TRISD                             00000088
TRISE                             00000089
TRISE0                            00000000
TRISE1                            00000001
TRISE2                            00000002
TRMT                              00000001
TX8_9                             00000006
TX9                               00000006
TX9D                              00000000
TXD8                              00000000
TXEN                              00000005
TXIE                              00000004
TXIF                              00000004
TXREG                             00000019
TXSTA                             00000098
Timer1                            00000070
TimerX                            00000071
UA                                00000001
Var                               00000072
W                                 00000000
WCOL                              00000007
WR                                00000001
WREN                              00000002
WRERR                             00000003
Z                                 00000002
_BODEN_OFF                        00003FBF
_BODEN_ON                         00003FFF
_CPD_OFF                          00003FFF
_CPD_ON                           00003EFF
_CP_ALL                           00001FFF
_CP_OFF                           00003FFF
_DEBUG_OFF                        00003FFF
_DEBUG_ON                         000037FF
_HS_OSC                           00003FFE
_LP_OSC                           00003FFC
_LVP_OFF                          00003F7F
_LVP_ON                           00003FFF
_PWRTE_OFF                        00003FFF
_PWRTE_ON                         00003FF7
_RC_OSC                           00003FFF
_WDT_OFF                          00003FFB
_WDT_ON                           00003FFF
_WRT_1FOURTH                      00003BFF
_WRT_256                          00003DFF
_WRT_HALF                         000039FF
MPASM  5.50                          RXTX.ASM   2-15-2024  9:55:04         PAGE 24


SYMBOL TABLE
  LABEL                             VALUE 

_WRT_OFF                          00003FFF
_XT_OSC                           00003FFD
__16F877A                         00000001
backFromSep                       00000188
count                             00000026
digitOnes                         00000148
inid                              00000067
init                              00000005
loop                              0000016D
loop1                             00000049
loopX                             0000004E
newMUL                            0000022D
num1Separate                      00000162
onems                             00000046
onesTemp                          00000023
onesTemp2                         00000025
onesTimes                         00000028
pulseE                            00000052
resetTimer0                       00000170
send                              00000057
start                             00000082
tenDigitWithoutCarry              00000193
tenTimes                          00000027
tensTemp                          00000022
tensTemp2                         00000024
welcomeString                     000001E0
xms                               0000004D


MEMORY USAGE MAP ('X' = Used,  '-' = Unused)

0000 : X---XXXXXXXXXXXX XXXXXXXXXXXXXXXX XXXXXXXXXXXXXXXX XXXXXXXXXXXXXXXX
0040 : XXXXXXXXXXXXXXXX XXXXXXXXXXXXXXXX XXXXXXXXXXXXXXXX XXXXXXXXXXXXXXXX
0080 : XXXXXXXXXXXXXXXX XXXXXXXXXXXXXXXX XXXXXXXXXXXXXXXX XXXXXXXXXXXXXXXX
00C0 : XXXXXXXXXXXXXXXX XXXXXXXXXXXXXXXX XXXXXXXXXXXXXXXX XXXXXXXXXXXXXXXX
0100 : XXXXXXXXXXXXXXXX XXXXXXXXXXXXXXXX XXXXXXXXXXXXXXXX XXXXXXXXXXXXXXXX
0140 : XXXXXXXXXXXXXXXX XXXXXXXXXXXXXXXX XXXXXXXXXXXXXXXX XXXXXXXXXXXXXXXX
0180 : XXXXXXXXXXXXXXXX XXXXXXXXXXXXXXXX XXXXXXXXXXXXXXXX XXXXXXXXXXXXXXXX
01C0 : XXXXXXXXXXXXXXXX XXXXXXXXXXXXXXXX XXXXXXXXXXXXXXXX XXXXXXXXXXXXXXXX
0200 : XXXXXXXXXXXXXXXX XXXXXXXXXXXXXXXX XXXXXXXXXXXXXXXX XXXXXXXXXXXXXXXX
0240 : XXXXXXXXXXXXXXXX XXXXXX---------- ---------------- ----------------
2000 : -------X-------- ---------------- ---------------- ----------------

All other memory blocks unused.

Program Memory Words Used:   595
Program Memory Words Free:  7597


MPASM  5.50                          RXTX.ASM   2-15-2024  9:55:04         PAGE 25





Errors   :     0
Warnings :     0 reported,     0 suppressed
Messages :    38 reported,     0 suppressed

